<?xml version="1.0" encoding="UTF-8"?>
<coverage generated="1685772204046" clover="3.2.0">
  <project timestamp="1685772204046" name="All files">
    <metrics statements="286" coveredstatements="125" conditionals="86" coveredconditionals="11" methods="75" coveredmethods="12" elements="447" coveredelements="148" complexity="0" loc="286" ncloc="286" packages="9" files="77" classes="77"/>
    <package name="SpectrumCare_Fixed">
      <metrics statements="6" coveredstatements="4" conditionals="0" coveredconditionals="0" methods="3" coveredmethods="1"/>
      <file name="App.tsx" path="/Users/ssantoyo/Downloads/SpectrumCare_Fixed/App.tsx">
        <metrics statements="6" coveredstatements="4" conditionals="0" coveredconditionals="0" methods="3" coveredmethods="1"/>
        <line num="16" count="1" type="stmt"/>
        <line num="17" count="1" type="stmt"/>
        <line num="20" count="0" type="stmt"/>
        <line num="49" count="1" type="stmt"/>
        <line num="52" count="0" type="stmt"/>
        <line num="74" count="1" type="stmt"/>
      </file>
    </package>
    <package name="SpectrumCare_Fixed.assets.images.extraIcons">
      <metrics statements="1" coveredstatements="1" conditionals="0" coveredconditionals="0" methods="0" coveredmethods="0"/>
      <file name="notesIconPhotoshoped.png" path="/Users/ssantoyo/Downloads/SpectrumCare_Fixed/assets/images/extraIcons/notesIconPhotoshoped.png">
        <metrics statements="1" coveredstatements="1" conditionals="0" coveredconditionals="0" methods="0" coveredmethods="0"/>
        <line num="1" count="1" type="stmt"/>
      </file>
    </package>
    <package name="SpectrumCare_Fixed.assets.images.wfImages.01-parking-clinic">
      <metrics statements="18" coveredstatements="18" conditionals="0" coveredconditionals="0" methods="0" coveredmethods="0"/>
      <file name="1.png" path="/Users/ssantoyo/Downloads/SpectrumCare_Fixed/assets/images/wfImages/01-parking-clinic/1.png">
        <metrics statements="1" coveredstatements="1" conditionals="0" coveredconditionals="0" methods="0" coveredmethods="0"/>
        <line num="1" count="1" type="stmt"/>
      </file>
      <file name="10.png" path="/Users/ssantoyo/Downloads/SpectrumCare_Fixed/assets/images/wfImages/01-parking-clinic/10.png">
        <metrics statements="1" coveredstatements="1" conditionals="0" coveredconditionals="0" methods="0" coveredmethods="0"/>
        <line num="1" count="1" type="stmt"/>
      </file>
      <file name="11.png" path="/Users/ssantoyo/Downloads/SpectrumCare_Fixed/assets/images/wfImages/01-parking-clinic/11.png">
        <metrics statements="1" coveredstatements="1" conditionals="0" coveredconditionals="0" methods="0" coveredmethods="0"/>
        <line num="1" count="1" type="stmt"/>
      </file>
      <file name="12.png" path="/Users/ssantoyo/Downloads/SpectrumCare_Fixed/assets/images/wfImages/01-parking-clinic/12.png">
        <metrics statements="1" coveredstatements="1" conditionals="0" coveredconditionals="0" methods="0" coveredmethods="0"/>
        <line num="1" count="1" type="stmt"/>
      </file>
      <file name="13.png" path="/Users/ssantoyo/Downloads/SpectrumCare_Fixed/assets/images/wfImages/01-parking-clinic/13.png">
        <metrics statements="1" coveredstatements="1" conditionals="0" coveredconditionals="0" methods="0" coveredmethods="0"/>
        <line num="1" count="1" type="stmt"/>
      </file>
      <file name="14.png" path="/Users/ssantoyo/Downloads/SpectrumCare_Fixed/assets/images/wfImages/01-parking-clinic/14.png">
        <metrics statements="1" coveredstatements="1" conditionals="0" coveredconditionals="0" methods="0" coveredmethods="0"/>
        <line num="1" count="1" type="stmt"/>
      </file>
      <file name="15.png" path="/Users/ssantoyo/Downloads/SpectrumCare_Fixed/assets/images/wfImages/01-parking-clinic/15.png">
        <metrics statements="1" coveredstatements="1" conditionals="0" coveredconditionals="0" methods="0" coveredmethods="0"/>
        <line num="1" count="1" type="stmt"/>
      </file>
      <file name="16.png" path="/Users/ssantoyo/Downloads/SpectrumCare_Fixed/assets/images/wfImages/01-parking-clinic/16.png">
        <metrics statements="1" coveredstatements="1" conditionals="0" coveredconditionals="0" methods="0" coveredmethods="0"/>
        <line num="1" count="1" type="stmt"/>
      </file>
      <file name="17.png" path="/Users/ssantoyo/Downloads/SpectrumCare_Fixed/assets/images/wfImages/01-parking-clinic/17.png">
        <metrics statements="1" coveredstatements="1" conditionals="0" coveredconditionals="0" methods="0" coveredmethods="0"/>
        <line num="1" count="1" type="stmt"/>
      </file>
      <file name="18.png" path="/Users/ssantoyo/Downloads/SpectrumCare_Fixed/assets/images/wfImages/01-parking-clinic/18.png">
        <metrics statements="1" coveredstatements="1" conditionals="0" coveredconditionals="0" methods="0" coveredmethods="0"/>
        <line num="1" count="1" type="stmt"/>
      </file>
      <file name="2.png" path="/Users/ssantoyo/Downloads/SpectrumCare_Fixed/assets/images/wfImages/01-parking-clinic/2.png">
        <metrics statements="1" coveredstatements="1" conditionals="0" coveredconditionals="0" methods="0" coveredmethods="0"/>
        <line num="1" count="1" type="stmt"/>
      </file>
      <file name="3.png" path="/Users/ssantoyo/Downloads/SpectrumCare_Fixed/assets/images/wfImages/01-parking-clinic/3.png">
        <metrics statements="1" coveredstatements="1" conditionals="0" coveredconditionals="0" methods="0" coveredmethods="0"/>
        <line num="1" count="1" type="stmt"/>
      </file>
      <file name="4.png" path="/Users/ssantoyo/Downloads/SpectrumCare_Fixed/assets/images/wfImages/01-parking-clinic/4.png">
        <metrics statements="1" coveredstatements="1" conditionals="0" coveredconditionals="0" methods="0" coveredmethods="0"/>
        <line num="1" count="1" type="stmt"/>
      </file>
      <file name="5.png" path="/Users/ssantoyo/Downloads/SpectrumCare_Fixed/assets/images/wfImages/01-parking-clinic/5.png">
        <metrics statements="1" coveredstatements="1" conditionals="0" coveredconditionals="0" methods="0" coveredmethods="0"/>
        <line num="1" count="1" type="stmt"/>
      </file>
      <file name="6.png" path="/Users/ssantoyo/Downloads/SpectrumCare_Fixed/assets/images/wfImages/01-parking-clinic/6.png">
        <metrics statements="1" coveredstatements="1" conditionals="0" coveredconditionals="0" methods="0" coveredmethods="0"/>
        <line num="1" count="1" type="stmt"/>
      </file>
      <file name="7.png" path="/Users/ssantoyo/Downloads/SpectrumCare_Fixed/assets/images/wfImages/01-parking-clinic/7.png">
        <metrics statements="1" coveredstatements="1" conditionals="0" coveredconditionals="0" methods="0" coveredmethods="0"/>
        <line num="1" count="1" type="stmt"/>
      </file>
      <file name="8.png" path="/Users/ssantoyo/Downloads/SpectrumCare_Fixed/assets/images/wfImages/01-parking-clinic/8.png">
        <metrics statements="1" coveredstatements="1" conditionals="0" coveredconditionals="0" methods="0" coveredmethods="0"/>
        <line num="1" count="1" type="stmt"/>
      </file>
      <file name="9.png" path="/Users/ssantoyo/Downloads/SpectrumCare_Fixed/assets/images/wfImages/01-parking-clinic/9.png">
        <metrics statements="1" coveredstatements="1" conditionals="0" coveredconditionals="0" methods="0" coveredmethods="0"/>
        <line num="1" count="1" type="stmt"/>
      </file>
    </package>
    <package name="SpectrumCare_Fixed.assets.images.wfImages.02-parking-labs">
      <metrics statements="15" coveredstatements="15" conditionals="0" coveredconditionals="0" methods="0" coveredmethods="0"/>
      <file name="1.png" path="/Users/ssantoyo/Downloads/SpectrumCare_Fixed/assets/images/wfImages/02-parking-labs/1.png">
        <metrics statements="1" coveredstatements="1" conditionals="0" coveredconditionals="0" methods="0" coveredmethods="0"/>
        <line num="1" count="1" type="stmt"/>
      </file>
      <file name="10.png" path="/Users/ssantoyo/Downloads/SpectrumCare_Fixed/assets/images/wfImages/02-parking-labs/10.png">
        <metrics statements="1" coveredstatements="1" conditionals="0" coveredconditionals="0" methods="0" coveredmethods="0"/>
        <line num="1" count="1" type="stmt"/>
      </file>
      <file name="11.png" path="/Users/ssantoyo/Downloads/SpectrumCare_Fixed/assets/images/wfImages/02-parking-labs/11.png">
        <metrics statements="1" coveredstatements="1" conditionals="0" coveredconditionals="0" methods="0" coveredmethods="0"/>
        <line num="1" count="1" type="stmt"/>
      </file>
      <file name="12.png" path="/Users/ssantoyo/Downloads/SpectrumCare_Fixed/assets/images/wfImages/02-parking-labs/12.png">
        <metrics statements="1" coveredstatements="1" conditionals="0" coveredconditionals="0" methods="0" coveredmethods="0"/>
        <line num="1" count="1" type="stmt"/>
      </file>
      <file name="13.png" path="/Users/ssantoyo/Downloads/SpectrumCare_Fixed/assets/images/wfImages/02-parking-labs/13.png">
        <metrics statements="1" coveredstatements="1" conditionals="0" coveredconditionals="0" methods="0" coveredmethods="0"/>
        <line num="1" count="1" type="stmt"/>
      </file>
      <file name="14.png" path="/Users/ssantoyo/Downloads/SpectrumCare_Fixed/assets/images/wfImages/02-parking-labs/14.png">
        <metrics statements="1" coveredstatements="1" conditionals="0" coveredconditionals="0" methods="0" coveredmethods="0"/>
        <line num="1" count="1" type="stmt"/>
      </file>
      <file name="15.png" path="/Users/ssantoyo/Downloads/SpectrumCare_Fixed/assets/images/wfImages/02-parking-labs/15.png">
        <metrics statements="1" coveredstatements="1" conditionals="0" coveredconditionals="0" methods="0" coveredmethods="0"/>
        <line num="1" count="1" type="stmt"/>
      </file>
      <file name="2.png" path="/Users/ssantoyo/Downloads/SpectrumCare_Fixed/assets/images/wfImages/02-parking-labs/2.png">
        <metrics statements="1" coveredstatements="1" conditionals="0" coveredconditionals="0" methods="0" coveredmethods="0"/>
        <line num="1" count="1" type="stmt"/>
      </file>
      <file name="3.png" path="/Users/ssantoyo/Downloads/SpectrumCare_Fixed/assets/images/wfImages/02-parking-labs/3.png">
        <metrics statements="1" coveredstatements="1" conditionals="0" coveredconditionals="0" methods="0" coveredmethods="0"/>
        <line num="1" count="1" type="stmt"/>
      </file>
      <file name="4.png" path="/Users/ssantoyo/Downloads/SpectrumCare_Fixed/assets/images/wfImages/02-parking-labs/4.png">
        <metrics statements="1" coveredstatements="1" conditionals="0" coveredconditionals="0" methods="0" coveredmethods="0"/>
        <line num="1" count="1" type="stmt"/>
      </file>
      <file name="5.png" path="/Users/ssantoyo/Downloads/SpectrumCare_Fixed/assets/images/wfImages/02-parking-labs/5.png">
        <metrics statements="1" coveredstatements="1" conditionals="0" coveredconditionals="0" methods="0" coveredmethods="0"/>
        <line num="1" count="1" type="stmt"/>
      </file>
      <file name="6.png" path="/Users/ssantoyo/Downloads/SpectrumCare_Fixed/assets/images/wfImages/02-parking-labs/6.png">
        <metrics statements="1" coveredstatements="1" conditionals="0" coveredconditionals="0" methods="0" coveredmethods="0"/>
        <line num="1" count="1" type="stmt"/>
      </file>
      <file name="7.png" path="/Users/ssantoyo/Downloads/SpectrumCare_Fixed/assets/images/wfImages/02-parking-labs/7.png">
        <metrics statements="1" coveredstatements="1" conditionals="0" coveredconditionals="0" methods="0" coveredmethods="0"/>
        <line num="1" count="1" type="stmt"/>
      </file>
      <file name="8.png" path="/Users/ssantoyo/Downloads/SpectrumCare_Fixed/assets/images/wfImages/02-parking-labs/8.png">
        <metrics statements="1" coveredstatements="1" conditionals="0" coveredconditionals="0" methods="0" coveredmethods="0"/>
        <line num="1" count="1" type="stmt"/>
      </file>
      <file name="9.png" path="/Users/ssantoyo/Downloads/SpectrumCare_Fixed/assets/images/wfImages/02-parking-labs/9.png">
        <metrics statements="1" coveredstatements="1" conditionals="0" coveredconditionals="0" methods="0" coveredmethods="0"/>
        <line num="1" count="1" type="stmt"/>
      </file>
    </package>
    <package name="SpectrumCare_Fixed.assets.images.wfImages.03-hosp-enter-radiology">
      <metrics statements="12" coveredstatements="12" conditionals="0" coveredconditionals="0" methods="0" coveredmethods="0"/>
      <file name="1.png" path="/Users/ssantoyo/Downloads/SpectrumCare_Fixed/assets/images/wfImages/03-hosp-enter-radiology/1.png">
        <metrics statements="1" coveredstatements="1" conditionals="0" coveredconditionals="0" methods="0" coveredmethods="0"/>
        <line num="1" count="2" type="stmt"/>
      </file>
      <file name="10.png" path="/Users/ssantoyo/Downloads/SpectrumCare_Fixed/assets/images/wfImages/03-hosp-enter-radiology/10.png">
        <metrics statements="1" coveredstatements="1" conditionals="0" coveredconditionals="0" methods="0" coveredmethods="0"/>
        <line num="1" count="1" type="stmt"/>
      </file>
      <file name="11.png" path="/Users/ssantoyo/Downloads/SpectrumCare_Fixed/assets/images/wfImages/03-hosp-enter-radiology/11.png">
        <metrics statements="1" coveredstatements="1" conditionals="0" coveredconditionals="0" methods="0" coveredmethods="0"/>
        <line num="1" count="1" type="stmt"/>
      </file>
      <file name="12.png" path="/Users/ssantoyo/Downloads/SpectrumCare_Fixed/assets/images/wfImages/03-hosp-enter-radiology/12.png">
        <metrics statements="1" coveredstatements="1" conditionals="0" coveredconditionals="0" methods="0" coveredmethods="0"/>
        <line num="1" count="1" type="stmt"/>
      </file>
      <file name="2.png" path="/Users/ssantoyo/Downloads/SpectrumCare_Fixed/assets/images/wfImages/03-hosp-enter-radiology/2.png">
        <metrics statements="1" coveredstatements="1" conditionals="0" coveredconditionals="0" methods="0" coveredmethods="0"/>
        <line num="1" count="1" type="stmt"/>
      </file>
      <file name="3.png" path="/Users/ssantoyo/Downloads/SpectrumCare_Fixed/assets/images/wfImages/03-hosp-enter-radiology/3.png">
        <metrics statements="1" coveredstatements="1" conditionals="0" coveredconditionals="0" methods="0" coveredmethods="0"/>
        <line num="1" count="1" type="stmt"/>
      </file>
      <file name="4.png" path="/Users/ssantoyo/Downloads/SpectrumCare_Fixed/assets/images/wfImages/03-hosp-enter-radiology/4.png">
        <metrics statements="1" coveredstatements="1" conditionals="0" coveredconditionals="0" methods="0" coveredmethods="0"/>
        <line num="1" count="1" type="stmt"/>
      </file>
      <file name="5.png" path="/Users/ssantoyo/Downloads/SpectrumCare_Fixed/assets/images/wfImages/03-hosp-enter-radiology/5.png">
        <metrics statements="1" coveredstatements="1" conditionals="0" coveredconditionals="0" methods="0" coveredmethods="0"/>
        <line num="1" count="1" type="stmt"/>
      </file>
      <file name="6.png" path="/Users/ssantoyo/Downloads/SpectrumCare_Fixed/assets/images/wfImages/03-hosp-enter-radiology/6.png">
        <metrics statements="1" coveredstatements="1" conditionals="0" coveredconditionals="0" methods="0" coveredmethods="0"/>
        <line num="1" count="1" type="stmt"/>
      </file>
      <file name="7.png" path="/Users/ssantoyo/Downloads/SpectrumCare_Fixed/assets/images/wfImages/03-hosp-enter-radiology/7.png">
        <metrics statements="1" coveredstatements="1" conditionals="0" coveredconditionals="0" methods="0" coveredmethods="0"/>
        <line num="1" count="1" type="stmt"/>
      </file>
      <file name="8.png" path="/Users/ssantoyo/Downloads/SpectrumCare_Fixed/assets/images/wfImages/03-hosp-enter-radiology/8.png">
        <metrics statements="1" coveredstatements="1" conditionals="0" coveredconditionals="0" methods="0" coveredmethods="0"/>
        <line num="1" count="1" type="stmt"/>
      </file>
      <file name="9.png" path="/Users/ssantoyo/Downloads/SpectrumCare_Fixed/assets/images/wfImages/03-hosp-enter-radiology/9.png">
        <metrics statements="1" coveredstatements="1" conditionals="0" coveredconditionals="0" methods="0" coveredmethods="0"/>
        <line num="1" count="1" type="stmt"/>
      </file>
    </package>
    <package name="SpectrumCare_Fixed.assets.images.wfImages.04-hosp-enter-OR-checkin">
      <metrics statements="18" coveredstatements="18" conditionals="0" coveredconditionals="0" methods="0" coveredmethods="0"/>
      <file name="1.png" path="/Users/ssantoyo/Downloads/SpectrumCare_Fixed/assets/images/wfImages/04-hosp-enter-OR-checkin/1.png">
        <metrics statements="1" coveredstatements="1" conditionals="0" coveredconditionals="0" methods="0" coveredmethods="0"/>
        <line num="1" count="1" type="stmt"/>
      </file>
      <file name="10.png" path="/Users/ssantoyo/Downloads/SpectrumCare_Fixed/assets/images/wfImages/04-hosp-enter-OR-checkin/10.png">
        <metrics statements="1" coveredstatements="1" conditionals="0" coveredconditionals="0" methods="0" coveredmethods="0"/>
        <line num="1" count="1" type="stmt"/>
      </file>
      <file name="11.png" path="/Users/ssantoyo/Downloads/SpectrumCare_Fixed/assets/images/wfImages/04-hosp-enter-OR-checkin/11.png">
        <metrics statements="1" coveredstatements="1" conditionals="0" coveredconditionals="0" methods="0" coveredmethods="0"/>
        <line num="1" count="1" type="stmt"/>
      </file>
      <file name="12.png" path="/Users/ssantoyo/Downloads/SpectrumCare_Fixed/assets/images/wfImages/04-hosp-enter-OR-checkin/12.png">
        <metrics statements="1" coveredstatements="1" conditionals="0" coveredconditionals="0" methods="0" coveredmethods="0"/>
        <line num="1" count="1" type="stmt"/>
      </file>
      <file name="13.png" path="/Users/ssantoyo/Downloads/SpectrumCare_Fixed/assets/images/wfImages/04-hosp-enter-OR-checkin/13.png">
        <metrics statements="1" coveredstatements="1" conditionals="0" coveredconditionals="0" methods="0" coveredmethods="0"/>
        <line num="1" count="1" type="stmt"/>
      </file>
      <file name="14.png" path="/Users/ssantoyo/Downloads/SpectrumCare_Fixed/assets/images/wfImages/04-hosp-enter-OR-checkin/14.png">
        <metrics statements="1" coveredstatements="1" conditionals="0" coveredconditionals="0" methods="0" coveredmethods="0"/>
        <line num="1" count="1" type="stmt"/>
      </file>
      <file name="15.png" path="/Users/ssantoyo/Downloads/SpectrumCare_Fixed/assets/images/wfImages/04-hosp-enter-OR-checkin/15.png">
        <metrics statements="1" coveredstatements="1" conditionals="0" coveredconditionals="0" methods="0" coveredmethods="0"/>
        <line num="1" count="1" type="stmt"/>
      </file>
      <file name="16.png" path="/Users/ssantoyo/Downloads/SpectrumCare_Fixed/assets/images/wfImages/04-hosp-enter-OR-checkin/16.png">
        <metrics statements="1" coveredstatements="1" conditionals="0" coveredconditionals="0" methods="0" coveredmethods="0"/>
        <line num="1" count="1" type="stmt"/>
      </file>
      <file name="17.png" path="/Users/ssantoyo/Downloads/SpectrumCare_Fixed/assets/images/wfImages/04-hosp-enter-OR-checkin/17.png">
        <metrics statements="1" coveredstatements="1" conditionals="0" coveredconditionals="0" methods="0" coveredmethods="0"/>
        <line num="1" count="1" type="stmt"/>
      </file>
      <file name="18.png" path="/Users/ssantoyo/Downloads/SpectrumCare_Fixed/assets/images/wfImages/04-hosp-enter-OR-checkin/18.png">
        <metrics statements="1" coveredstatements="1" conditionals="0" coveredconditionals="0" methods="0" coveredmethods="0"/>
        <line num="1" count="1" type="stmt"/>
      </file>
      <file name="2.png" path="/Users/ssantoyo/Downloads/SpectrumCare_Fixed/assets/images/wfImages/04-hosp-enter-OR-checkin/2.png">
        <metrics statements="1" coveredstatements="1" conditionals="0" coveredconditionals="0" methods="0" coveredmethods="0"/>
        <line num="1" count="1" type="stmt"/>
      </file>
      <file name="3.png" path="/Users/ssantoyo/Downloads/SpectrumCare_Fixed/assets/images/wfImages/04-hosp-enter-OR-checkin/3.png">
        <metrics statements="1" coveredstatements="1" conditionals="0" coveredconditionals="0" methods="0" coveredmethods="0"/>
        <line num="1" count="1" type="stmt"/>
      </file>
      <file name="4.png" path="/Users/ssantoyo/Downloads/SpectrumCare_Fixed/assets/images/wfImages/04-hosp-enter-OR-checkin/4.png">
        <metrics statements="1" coveredstatements="1" conditionals="0" coveredconditionals="0" methods="0" coveredmethods="0"/>
        <line num="1" count="1" type="stmt"/>
      </file>
      <file name="5.png" path="/Users/ssantoyo/Downloads/SpectrumCare_Fixed/assets/images/wfImages/04-hosp-enter-OR-checkin/5.png">
        <metrics statements="1" coveredstatements="1" conditionals="0" coveredconditionals="0" methods="0" coveredmethods="0"/>
        <line num="1" count="1" type="stmt"/>
      </file>
      <file name="6.png" path="/Users/ssantoyo/Downloads/SpectrumCare_Fixed/assets/images/wfImages/04-hosp-enter-OR-checkin/6.png">
        <metrics statements="1" coveredstatements="1" conditionals="0" coveredconditionals="0" methods="0" coveredmethods="0"/>
        <line num="1" count="1" type="stmt"/>
      </file>
      <file name="7.png" path="/Users/ssantoyo/Downloads/SpectrumCare_Fixed/assets/images/wfImages/04-hosp-enter-OR-checkin/7.png">
        <metrics statements="1" coveredstatements="1" conditionals="0" coveredconditionals="0" methods="0" coveredmethods="0"/>
        <line num="1" count="1" type="stmt"/>
      </file>
      <file name="8.png" path="/Users/ssantoyo/Downloads/SpectrumCare_Fixed/assets/images/wfImages/04-hosp-enter-OR-checkin/8.png">
        <metrics statements="1" coveredstatements="1" conditionals="0" coveredconditionals="0" methods="0" coveredmethods="0"/>
        <line num="1" count="1" type="stmt"/>
      </file>
      <file name="9.png" path="/Users/ssantoyo/Downloads/SpectrumCare_Fixed/assets/images/wfImages/04-hosp-enter-OR-checkin/9.png">
        <metrics statements="1" coveredstatements="1" conditionals="0" coveredconditionals="0" methods="0" coveredmethods="0"/>
        <line num="1" count="1" type="stmt"/>
      </file>
    </package>
    <package name="SpectrumCare_Fixed.assets.testData">
      <metrics statements="0" coveredstatements="0" conditionals="0" coveredconditionals="0" methods="0" coveredmethods="0"/>
      <file name="WFData.js" path="/Users/ssantoyo/Downloads/SpectrumCare_Fixed/assets/testData/WFData.js">
        <metrics statements="0" coveredstatements="0" conditionals="0" coveredconditionals="0" methods="0" coveredmethods="0"/>
      </file>
    </package>
    <package name="SpectrumCare_Fixed.components">
      <metrics statements="152" coveredstatements="47" conditionals="78" coveredconditionals="11" methods="50" coveredmethods="7"/>
      <file name="BackButton.tsx" path="/Users/ssantoyo/Downloads/SpectrumCare_Fixed/components/BackButton.tsx">
        <metrics statements="4" coveredstatements="1" conditionals="0" coveredconditionals="0" methods="2" coveredmethods="0"/>
        <line num="8" count="0" type="stmt"/>
        <line num="10" count="0" type="stmt"/>
        <line num="15" count="0" type="stmt"/>
        <line num="22" count="1" type="stmt"/>
      </file>
      <file name="NotesButton.tsx" path="/Users/ssantoyo/Downloads/SpectrumCare_Fixed/components/NotesButton.tsx">
        <metrics statements="62" coveredstatements="21" conditionals="42" coveredconditionals="8" methods="17" coveredmethods="3"/>
        <line num="18" count="1" type="stmt"/>
        <line num="19" count="0" type="stmt"/>
        <line num="21" count="0" type="cond" truecount="0" falsecount="2"/>
        <line num="22" count="0" type="stmt"/>
        <line num="23" count="0" type="stmt"/>
        <line num="24" count="0" type="cond" truecount="0" falsecount="2"/>
        <line num="25" count="0" type="stmt"/>
        <line num="26" count="0" type="stmt"/>
        <line num="27" count="0" type="cond" truecount="0" falsecount="2"/>
        <line num="28" count="0" type="stmt"/>
        <line num="29" count="0" type="stmt"/>
        <line num="31" count="0" type="stmt"/>
        <line num="32" count="0" type="stmt"/>
        <line num="48" count="2" type="stmt"/>
        <line num="49" count="2" type="stmt"/>
        <line num="50" count="2" type="stmt"/>
        <line num="51" count="2" type="stmt"/>
        <line num="53" count="2" type="stmt"/>
        <line num="54" count="1" type="stmt"/>
        <line num="56" count="1" type="stmt"/>
        <line num="59" count="1" type="cond" truecount="1" falsecount="1"/>
        <line num="60" count="1" type="stmt"/>
        <line num="61" count="1" type="stmt"/>
        <line num="62" count="0" type="cond" truecount="0" falsecount="2"/>
        <line num="63" count="0" type="stmt"/>
        <line num="64" count="0" type="stmt"/>
        <line num="65" count="0" type="cond" truecount="0" falsecount="2"/>
        <line num="66" count="0" type="stmt"/>
        <line num="67" count="0" type="stmt"/>
        <line num="69" count="0" type="stmt"/>
        <line num="70" count="0" type="stmt"/>
        <line num="75" count="1" type="cond" truecount="2" falsecount="2"/>
        <line num="76" count="0" type="stmt"/>
        <line num="79" count="1" type="stmt"/>
        <line num="82" count="1" type="cond" truecount="2" falsecount="2"/>
        <line num="83" count="0" type="stmt"/>
        <line num="86" count="1" type="stmt"/>
        <line num="94" count="1" type="stmt"/>
        <line num="98" count="2" type="stmt"/>
        <line num="99" count="2" type="stmt"/>
        <line num="101" count="2" type="stmt"/>
        <line num="104" count="0" type="stmt"/>
        <line num="105" count="0" type="stmt"/>
        <line num="106" count="0" type="stmt"/>
        <line num="110" count="0" type="stmt"/>
        <line num="114" count="0" type="stmt"/>
        <line num="115" count="0" type="stmt"/>
        <line num="116" count="0" type="stmt"/>
        <line num="117" count="0" type="stmt"/>
        <line num="118" count="0" type="stmt"/>
        <line num="122" count="2" type="stmt"/>
        <line num="130" count="0" type="stmt"/>
        <line num="146" count="0" type="stmt"/>
        <line num="150" count="0" type="stmt"/>
        <line num="155" count="0" type="stmt"/>
        <line num="162" count="0" type="stmt"/>
        <line num="173" count="0" type="stmt"/>
        <line num="180" count="0" type="cond" truecount="0" falsecount="2"/>
        <line num="183" count="0" type="cond" truecount="0" falsecount="2"/>
        <line num="186" count="0" type="cond" truecount="0" falsecount="2"/>
        <line num="189" count="0" type="cond" truecount="0" falsecount="2"/>
        <line num="200" count="1" type="stmt"/>
      </file>
      <file name="PrepCarousel.tsx" path="/Users/ssantoyo/Downloads/SpectrumCare_Fixed/components/PrepCarousel.tsx">
        <metrics statements="34" coveredstatements="5" conditionals="18" coveredconditionals="0" methods="8" coveredmethods="0"/>
        <line num="19" count="1" type="stmt"/>
        <line num="22" count="1" type="stmt"/>
        <line num="23" count="1" type="stmt"/>
        <line num="29" count="1" type="stmt"/>
        <line num="30" count="0" type="stmt"/>
        <line num="31" count="0" type="stmt"/>
        <line num="32" count="0" type="cond" truecount="0" falsecount="2"/>
        <line num="33" count="0" type="stmt"/>
        <line num="34" count="0" type="stmt"/>
        <line num="39" count="0" type="stmt"/>
        <line num="56" count="0" type="stmt"/>
        <line num="57" count="0" type="stmt"/>
        <line num="59" count="0" type="stmt"/>
        <line num="60" count="0" type="stmt"/>
        <line num="61" count="0" type="stmt"/>
        <line num="62" count="0" type="stmt"/>
        <line num="63" count="0" type="stmt"/>
        <line num="67" count="0" type="cond" truecount="0" falsecount="2"/>
        <line num="68" count="0" type="cond" truecount="0" falsecount="2"/>
        <line num="69" count="0" type="cond" truecount="0" falsecount="2"/>
        <line num="70" count="0" type="stmt"/>
        <line num="78" count="0" type="cond" truecount="0" falsecount="2"/>
        <line num="79" count="0" type="stmt"/>
        <line num="83" count="0" type="cond" truecount="0" falsecount="2"/>
        <line num="84" count="0" type="stmt"/>
        <line num="90" count="0" type="cond" truecount="0" falsecount="2"/>
        <line num="91" count="0" type="stmt"/>
        <line num="98" count="0" type="stmt"/>
        <line num="111" count="0" type="stmt"/>
        <line num="123" count="0" type="stmt"/>
        <line num="124" count="0" type="stmt"/>
        <line num="126" count="0" type="stmt"/>
        <line num="135" count="0" type="stmt"/>
        <line num="150" count="1" type="stmt"/>
      </file>
      <file name="ProcedureList.tsx" path="/Users/ssantoyo/Downloads/SpectrumCare_Fixed/components/ProcedureList.tsx">
        <metrics statements="10" coveredstatements="1" conditionals="2" coveredconditionals="0" methods="8" coveredmethods="0"/>
        <line num="16" count="0" type="stmt"/>
        <line num="19" count="0" type="stmt"/>
        <line num="21" count="0" type="cond" truecount="0" falsecount="2"/>
        <line num="24" count="0" type="stmt"/>
        <line num="28" count="0" type="stmt"/>
        <line num="30" count="0" type="stmt"/>
        <line num="41" count="0" type="stmt"/>
        <line num="43" count="0" type="stmt"/>
        <line num="49" count="0" type="stmt"/>
        <line num="73" count="1" type="stmt"/>
      </file>
      <file name="WFCarousel.tsx" path="/Users/ssantoyo/Downloads/SpectrumCare_Fixed/components/WFCarousel.tsx">
        <metrics statements="28" coveredstatements="18" conditionals="10" coveredconditionals="3" methods="11" coveredmethods="4"/>
        <line num="17" count="2" type="stmt"/>
        <line num="20" count="2" type="stmt"/>
        <line num="21" count="2" type="stmt"/>
        <line num="25" count="1" type="stmt"/>
        <line num="26" count="1" type="stmt"/>
        <line num="27" count="1" type="stmt"/>
        <line num="44" count="1" type="stmt"/>
        <line num="45" count="1" type="stmt"/>
        <line num="47" count="1" type="stmt"/>
        <line num="48" count="0" type="stmt"/>
        <line num="50" count="1" type="stmt"/>
        <line num="51" count="0" type="stmt"/>
        <line num="52" count="0" type="stmt"/>
        <line num="53" count="0" type="cond" truecount="0" falsecount="2"/>
        <line num="56" count="1" type="stmt"/>
        <line num="57" count="0" type="stmt"/>
        <line num="58" count="0" type="stmt"/>
        <line num="59" count="0" type="cond" truecount="0" falsecount="2"/>
        <line num="62" count="1" type="stmt"/>
        <line num="63" count="1" type="stmt"/>
        <line num="64" count="1" type="stmt"/>
        <line num="67" count="1" type="stmt"/>
        <line num="81" count="1" type="stmt"/>
        <line num="83" count="0" type="stmt"/>
        <line num="88" count="0" type="stmt"/>
        <line num="99" count="0" type="stmt"/>
        <line num="111" count="1" type="stmt"/>
        <line num="125" count="2" type="stmt"/>
      </file>
      <file name="YoutubePlayer.tsx" path="/Users/ssantoyo/Downloads/SpectrumCare_Fixed/components/YoutubePlayer.tsx">
        <metrics statements="13" coveredstatements="0" conditionals="6" coveredconditionals="0" methods="4" coveredmethods="0"/>
        <line num="20" count="0" type="stmt"/>
        <line num="21" count="0" type="cond" truecount="0" falsecount="2"/>
        <line num="22" count="0" type="stmt"/>
        <line num="24" count="0" type="cond" truecount="0" falsecount="2"/>
        <line num="25" count="0" type="stmt"/>
        <line num="27" count="0" type="cond" truecount="0" falsecount="2"/>
        <line num="28" count="0" type="stmt"/>
        <line num="33" count="0" type="stmt"/>
        <line num="34" count="0" type="stmt"/>
        <line num="35" count="0" type="stmt"/>
        <line num="39" count="0" type="stmt"/>
        <line num="40" count="0" type="stmt"/>
        <line num="43" count="0" type="stmt"/>
      </file>
      <file name="storageConst.tsx" path="/Users/ssantoyo/Downloads/SpectrumCare_Fixed/components/storageConst.tsx">
        <metrics statements="1" coveredstatements="1" conditionals="0" coveredconditionals="0" methods="0" coveredmethods="0"/>
        <line num="3" count="1" type="stmt"/>
      </file>
    </package>
    <package name="SpectrumCare_Fixed.pages">
      <metrics statements="64" coveredstatements="10" conditionals="8" coveredconditionals="0" methods="22" coveredmethods="4"/>
      <file name="PrepPage.tsx" path="/Users/ssantoyo/Downloads/SpectrumCare_Fixed/pages/PrepPage.tsx">
        <metrics statements="25" coveredstatements="1" conditionals="2" coveredconditionals="0" methods="8" coveredmethods="0"/>
        <line num="14" count="0" type="stmt"/>
        <line num="16" count="0" type="stmt"/>
        <line num="20" count="0" type="stmt"/>
        <line num="23" count="0" type="stmt"/>
        <line num="24" count="0" type="stmt"/>
        <line num="26" count="0" type="stmt"/>
        <line num="28" count="0" type="stmt"/>
        <line num="30" count="0" type="stmt"/>
        <line num="34" count="0" type="stmt"/>
        <line num="40" count="0" type="stmt"/>
        <line num="41" count="0" type="stmt"/>
        <line num="47" count="0" type="stmt"/>
        <line num="49" count="0" type="stmt"/>
        <line num="61" count="0" type="stmt"/>
        <line num="63" count="0" type="stmt"/>
        <line num="64" count="0" type="cond" truecount="0" falsecount="2"/>
        <line num="66" count="0" type="stmt"/>
        <line num="68" count="0" type="stmt"/>
        <line num="69" count="0" type="stmt"/>
        <line num="70" count="0" type="stmt"/>
        <line num="72" count="0" type="stmt"/>
        <line num="75" count="0" type="stmt"/>
        <line num="83" count="0" type="stmt"/>
        <line num="84" count="0" type="stmt"/>
        <line num="95" count="1" type="stmt"/>
      </file>
      <file name="PrepRoutePage.tsx" path="/Users/ssantoyo/Downloads/SpectrumCare_Fixed/pages/PrepRoutePage.tsx">
        <metrics statements="17" coveredstatements="1" conditionals="4" coveredconditionals="0" methods="3" coveredmethods="0"/>
        <line num="18" count="0" type="stmt"/>
        <line num="23" count="0" type="stmt"/>
        <line num="30" count="0" type="stmt"/>
        <line num="33" count="0" type="stmt"/>
        <line num="34" count="0" type="stmt"/>
        <line num="35" count="0" type="stmt"/>
        <line num="37" count="0" type="stmt"/>
        <line num="38" count="0" type="cond" truecount="0" falsecount="2"/>
        <line num="39" count="0" type="cond" truecount="0" falsecount="2"/>
        <line num="40" count="0" type="stmt"/>
        <line num="41" count="0" type="stmt"/>
        <line num="51" count="0" type="stmt"/>
        <line num="54" count="0" type="stmt"/>
        <line num="58" count="0" type="stmt"/>
        <line num="65" count="0" type="stmt"/>
        <line num="69" count="0" type="stmt"/>
        <line num="84" count="1" type="stmt"/>
      </file>
      <file name="WFRoutePage.tsx" path="/Users/ssantoyo/Downloads/SpectrumCare_Fixed/pages/WFRoutePage.tsx">
        <metrics statements="14" coveredstatements="1" conditionals="2" coveredconditionals="0" methods="6" coveredmethods="0"/>
        <line num="16" count="0" type="stmt"/>
        <line num="18" count="0" type="stmt"/>
        <line num="19" count="0" type="stmt"/>
        <line num="22" count="0" type="stmt"/>
        <line num="23" count="0" type="stmt"/>
        <line num="24" count="0" type="stmt"/>
        <line num="26" count="0" type="stmt"/>
        <line num="33" count="0" type="stmt"/>
        <line num="48" count="0" type="stmt"/>
        <line num="49" count="0" type="stmt"/>
        <line num="56" count="0" type="stmt"/>
        <line num="59" count="0" type="stmt"/>
        <line num="73" count="0" type="stmt"/>
        <line num="85" count="1" type="stmt"/>
      </file>
      <file name="WayfindingPage.tsx" path="/Users/ssantoyo/Downloads/SpectrumCare_Fixed/pages/WayfindingPage.tsx">
        <metrics statements="8" coveredstatements="7" conditionals="0" coveredconditionals="0" methods="5" coveredmethods="4"/>
        <line num="13" count="4" type="stmt"/>
        <line num="15" count="4" type="stmt"/>
        <line num="21" count="0" type="stmt"/>
        <line num="46" count="1" type="stmt"/>
        <line num="65" count="1" type="stmt"/>
        <line num="71" count="4" type="stmt"/>
        <line num="73" count="4" type="stmt"/>
        <line num="81" count="1" type="stmt"/>
      </file>
    </package>
  </project>
</coverage>
