{"/Users/ssantoyo/Downloads/SpectrumCare_Fixed/App.tsx": {"path":"/Users/ssantoyo/Downloads/SpectrumCare_Fixed/App.tsx","statementMap":{"0":{"start":{"line":16,"column":12},"end":{"line":16,"column":38}},"1":{"start":{"line":17,"column":18},"end":{"line":17,"column":60}},"2":{"start":{"line":20,"column":2},"end":{"line":37,"column":4}},"3":{"start":{"line":49,"column":14},"end":{"line":49,"column":62}},"4":{"start":{"line":52,"column":2},"end":{"line":69,"column":3}},"5":{"start":{"line":74,"column":2},"end":{"line":141,"column":4}}},"fnMap":{"0":{"name":"ProcedureNavigation","decl":{"start":{"line":19,"column":9},"end":{"line":19,"column":28}},"loc":{"start":{"line":19,"column":31},"end":{"line":38,"column":1}},"line":19},"1":{"name":"Wayfinding","decl":{"start":{"line":51,"column":9},"end":{"line":51,"column":19}},"loc":{"start":{"line":51,"column":22},"end":{"line":70,"column":1}},"line":51},"2":{"name":"App","decl":{"start":{"line":73,"column":9},"end":{"line":73,"column":12}},"loc":{"start":{"line":73,"column":28},"end":{"line":142,"column":1}},"line":73}},"branchMap":{},"s":{"0":1,"1":1,"2":0,"3":1,"4":0,"5":1},"f":{"0":0,"1":0,"2":1},"b":{},"_coverageSchema":"1a1c01bbd47fc00a2c39e90264f33305004495a9","hash":"dd98437ceb156df35940a8ef010359cd1f33532c"}
,"/Users/ssantoyo/Downloads/SpectrumCare_Fixed/assets/images/extraIcons/notesIconPhotoshoped.png": {"path":"/Users/ssantoyo/Downloads/SpectrumCare_Fixed/assets/images/extraIcons/notesIconPhotoshoped.png","statementMap":{"0":{"start":{"line":1,"column":0},"end":{"line":4,"column":6}}},"fnMap":{},"branchMap":{},"s":{"0":1},"f":{},"b":{},"_coverageSchema":"1a1c01bbd47fc00a2c39e90264f33305004495a9","hash":"c806e0f15397440d01d5ef6007201ac4fb9b5034"}
,"/Users/ssantoyo/Downloads/SpectrumCare_Fixed/assets/images/wfImages/01-parking-clinic/1.png": {"path":"/Users/ssantoyo/Downloads/SpectrumCare_Fixed/assets/images/wfImages/01-parking-clinic/1.png","statementMap":{"0":{"start":{"line":1,"column":0},"end":{"line":4,"column":6}}},"fnMap":{},"branchMap":{},"s":{"0":1},"f":{},"b":{},"_coverageSchema":"1a1c01bbd47fc00a2c39e90264f33305004495a9","hash":"c9512bc7e2a8321141ee3416e985bb51a08d2f11"}
,"/Users/ssantoyo/Downloads/SpectrumCare_Fixed/assets/images/wfImages/01-parking-clinic/10.png": {"path":"/Users/ssantoyo/Downloads/SpectrumCare_Fixed/assets/images/wfImages/01-parking-clinic/10.png","statementMap":{"0":{"start":{"line":1,"column":0},"end":{"line":4,"column":6}}},"fnMap":{},"branchMap":{},"s":{"0":1},"f":{},"b":{},"_coverageSchema":"1a1c01bbd47fc00a2c39e90264f33305004495a9","hash":"6ce10e83003d05aa414a352c460d381928f72138"}
,"/Users/ssantoyo/Downloads/SpectrumCare_Fixed/assets/images/wfImages/01-parking-clinic/11.png": {"path":"/Users/ssantoyo/Downloads/SpectrumCare_Fixed/assets/images/wfImages/01-parking-clinic/11.png","statementMap":{"0":{"start":{"line":1,"column":0},"end":{"line":4,"column":6}}},"fnMap":{},"branchMap":{},"s":{"0":1},"f":{},"b":{},"_coverageSchema":"1a1c01bbd47fc00a2c39e90264f33305004495a9","hash":"0bf751adcce6349c06ada361db94813d54f93817"}
,"/Users/ssantoyo/Downloads/SpectrumCare_Fixed/assets/images/wfImages/01-parking-clinic/12.png": {"path":"/Users/ssantoyo/Downloads/SpectrumCare_Fixed/assets/images/wfImages/01-parking-clinic/12.png","statementMap":{"0":{"start":{"line":1,"column":0},"end":{"line":4,"column":6}}},"fnMap":{},"branchMap":{},"s":{"0":1},"f":{},"b":{},"_coverageSchema":"1a1c01bbd47fc00a2c39e90264f33305004495a9","hash":"12b3f6865da0c1d907071d24da9f46c5e29d1e89"}
,"/Users/ssantoyo/Downloads/SpectrumCare_Fixed/assets/images/wfImages/01-parking-clinic/13.png": {"path":"/Users/ssantoyo/Downloads/SpectrumCare_Fixed/assets/images/wfImages/01-parking-clinic/13.png","statementMap":{"0":{"start":{"line":1,"column":0},"end":{"line":4,"column":6}}},"fnMap":{},"branchMap":{},"s":{"0":1},"f":{},"b":{},"_coverageSchema":"1a1c01bbd47fc00a2c39e90264f33305004495a9","hash":"e67cb4c0c056a16e016664666c441f9912e72e04"}
,"/Users/ssantoyo/Downloads/SpectrumCare_Fixed/assets/images/wfImages/01-parking-clinic/14.png": {"path":"/Users/ssantoyo/Downloads/SpectrumCare_Fixed/assets/images/wfImages/01-parking-clinic/14.png","statementMap":{"0":{"start":{"line":1,"column":0},"end":{"line":4,"column":6}}},"fnMap":{},"branchMap":{},"s":{"0":1},"f":{},"b":{},"_coverageSchema":"1a1c01bbd47fc00a2c39e90264f33305004495a9","hash":"1475ccd950816007ec9c75b8599f3846c2a9c92c"}
,"/Users/ssantoyo/Downloads/SpectrumCare_Fixed/assets/images/wfImages/01-parking-clinic/15.png": {"path":"/Users/ssantoyo/Downloads/SpectrumCare_Fixed/assets/images/wfImages/01-parking-clinic/15.png","statementMap":{"0":{"start":{"line":1,"column":0},"end":{"line":4,"column":6}}},"fnMap":{},"branchMap":{},"s":{"0":1},"f":{},"b":{},"_coverageSchema":"1a1c01bbd47fc00a2c39e90264f33305004495a9","hash":"f20b34e8c0d7673d6e9d9441827797a0a6d44252"}
,"/Users/ssantoyo/Downloads/SpectrumCare_Fixed/assets/images/wfImages/01-parking-clinic/16.png": {"path":"/Users/ssantoyo/Downloads/SpectrumCare_Fixed/assets/images/wfImages/01-parking-clinic/16.png","statementMap":{"0":{"start":{"line":1,"column":0},"end":{"line":4,"column":6}}},"fnMap":{},"branchMap":{},"s":{"0":1},"f":{},"b":{},"_coverageSchema":"1a1c01bbd47fc00a2c39e90264f33305004495a9","hash":"13f47aac7822e568a36abddaee151c9fb297786e"}
,"/Users/ssantoyo/Downloads/SpectrumCare_Fixed/assets/images/wfImages/01-parking-clinic/17.png": {"path":"/Users/ssantoyo/Downloads/SpectrumCare_Fixed/assets/images/wfImages/01-parking-clinic/17.png","statementMap":{"0":{"start":{"line":1,"column":0},"end":{"line":4,"column":6}}},"fnMap":{},"branchMap":{},"s":{"0":1},"f":{},"b":{},"_coverageSchema":"1a1c01bbd47fc00a2c39e90264f33305004495a9","hash":"f22acfe12cc82e31b445f1ef166f0679fc74c161"}
,"/Users/ssantoyo/Downloads/SpectrumCare_Fixed/assets/images/wfImages/01-parking-clinic/18.png": {"path":"/Users/ssantoyo/Downloads/SpectrumCare_Fixed/assets/images/wfImages/01-parking-clinic/18.png","statementMap":{"0":{"start":{"line":1,"column":0},"end":{"line":4,"column":6}}},"fnMap":{},"branchMap":{},"s":{"0":1},"f":{},"b":{},"_coverageSchema":"1a1c01bbd47fc00a2c39e90264f33305004495a9","hash":"342cf49f62c71926120a04e6383bbb3a48ae3c37"}
,"/Users/ssantoyo/Downloads/SpectrumCare_Fixed/assets/images/wfImages/01-parking-clinic/2.png": {"path":"/Users/ssantoyo/Downloads/SpectrumCare_Fixed/assets/images/wfImages/01-parking-clinic/2.png","statementMap":{"0":{"start":{"line":1,"column":0},"end":{"line":4,"column":6}}},"fnMap":{},"branchMap":{},"s":{"0":1},"f":{},"b":{},"_coverageSchema":"1a1c01bbd47fc00a2c39e90264f33305004495a9","hash":"8d7f3ddc6374f9312353ad5c6113e05fc2dab804"}
,"/Users/ssantoyo/Downloads/SpectrumCare_Fixed/assets/images/wfImages/01-parking-clinic/3.png": {"path":"/Users/ssantoyo/Downloads/SpectrumCare_Fixed/assets/images/wfImages/01-parking-clinic/3.png","statementMap":{"0":{"start":{"line":1,"column":0},"end":{"line":4,"column":6}}},"fnMap":{},"branchMap":{},"s":{"0":1},"f":{},"b":{},"_coverageSchema":"1a1c01bbd47fc00a2c39e90264f33305004495a9","hash":"127993261b16d21ba61593151ef3114bd04c8775"}
,"/Users/ssantoyo/Downloads/SpectrumCare_Fixed/assets/images/wfImages/01-parking-clinic/4.png": {"path":"/Users/ssantoyo/Downloads/SpectrumCare_Fixed/assets/images/wfImages/01-parking-clinic/4.png","statementMap":{"0":{"start":{"line":1,"column":0},"end":{"line":4,"column":6}}},"fnMap":{},"branchMap":{},"s":{"0":1},"f":{},"b":{},"_coverageSchema":"1a1c01bbd47fc00a2c39e90264f33305004495a9","hash":"34171fe7f931e63061f00c55f979a09a09069035"}
,"/Users/ssantoyo/Downloads/SpectrumCare_Fixed/assets/images/wfImages/01-parking-clinic/5.png": {"path":"/Users/ssantoyo/Downloads/SpectrumCare_Fixed/assets/images/wfImages/01-parking-clinic/5.png","statementMap":{"0":{"start":{"line":1,"column":0},"end":{"line":4,"column":6}}},"fnMap":{},"branchMap":{},"s":{"0":1},"f":{},"b":{},"_coverageSchema":"1a1c01bbd47fc00a2c39e90264f33305004495a9","hash":"ebc0a0f84cc8e9ad2a8046652a7a50ba8ddf0d90"}
,"/Users/ssantoyo/Downloads/SpectrumCare_Fixed/assets/images/wfImages/01-parking-clinic/6.png": {"path":"/Users/ssantoyo/Downloads/SpectrumCare_Fixed/assets/images/wfImages/01-parking-clinic/6.png","statementMap":{"0":{"start":{"line":1,"column":0},"end":{"line":4,"column":6}}},"fnMap":{},"branchMap":{},"s":{"0":1},"f":{},"b":{},"_coverageSchema":"1a1c01bbd47fc00a2c39e90264f33305004495a9","hash":"892eaf0b45663361281e296837bda94a8e847fc8"}
,"/Users/ssantoyo/Downloads/SpectrumCare_Fixed/assets/images/wfImages/01-parking-clinic/7.png": {"path":"/Users/ssantoyo/Downloads/SpectrumCare_Fixed/assets/images/wfImages/01-parking-clinic/7.png","statementMap":{"0":{"start":{"line":1,"column":0},"end":{"line":4,"column":6}}},"fnMap":{},"branchMap":{},"s":{"0":1},"f":{},"b":{},"_coverageSchema":"1a1c01bbd47fc00a2c39e90264f33305004495a9","hash":"4a7251674fe63424c486c9545dad65accd4f26c0"}
,"/Users/ssantoyo/Downloads/SpectrumCare_Fixed/assets/images/wfImages/01-parking-clinic/8.png": {"path":"/Users/ssantoyo/Downloads/SpectrumCare_Fixed/assets/images/wfImages/01-parking-clinic/8.png","statementMap":{"0":{"start":{"line":1,"column":0},"end":{"line":4,"column":6}}},"fnMap":{},"branchMap":{},"s":{"0":1},"f":{},"b":{},"_coverageSchema":"1a1c01bbd47fc00a2c39e90264f33305004495a9","hash":"cfdf50a3e91fcba0e4fde3455c0ee5ba495e1283"}
,"/Users/ssantoyo/Downloads/SpectrumCare_Fixed/assets/images/wfImages/01-parking-clinic/9.png": {"path":"/Users/ssantoyo/Downloads/SpectrumCare_Fixed/assets/images/wfImages/01-parking-clinic/9.png","statementMap":{"0":{"start":{"line":1,"column":0},"end":{"line":4,"column":6}}},"fnMap":{},"branchMap":{},"s":{"0":1},"f":{},"b":{},"_coverageSchema":"1a1c01bbd47fc00a2c39e90264f33305004495a9","hash":"2ada9d6503779059e26368903fcbfbcb2ee5cf51"}
,"/Users/ssantoyo/Downloads/SpectrumCare_Fixed/assets/images/wfImages/02-parking-labs/1.png": {"path":"/Users/ssantoyo/Downloads/SpectrumCare_Fixed/assets/images/wfImages/02-parking-labs/1.png","statementMap":{"0":{"start":{"line":1,"column":0},"end":{"line":4,"column":6}}},"fnMap":{},"branchMap":{},"s":{"0":1},"f":{},"b":{},"_coverageSchema":"1a1c01bbd47fc00a2c39e90264f33305004495a9","hash":"212b008fcef74f042a4ecc5a432f91dfdf0f598a"}
,"/Users/ssantoyo/Downloads/SpectrumCare_Fixed/assets/images/wfImages/02-parking-labs/10.png": {"path":"/Users/ssantoyo/Downloads/SpectrumCare_Fixed/assets/images/wfImages/02-parking-labs/10.png","statementMap":{"0":{"start":{"line":1,"column":0},"end":{"line":4,"column":6}}},"fnMap":{},"branchMap":{},"s":{"0":1},"f":{},"b":{},"_coverageSchema":"1a1c01bbd47fc00a2c39e90264f33305004495a9","hash":"33d6ab825aa0a12d618b70f7181ae1cb0ed7d1fd"}
,"/Users/ssantoyo/Downloads/SpectrumCare_Fixed/assets/images/wfImages/02-parking-labs/11.png": {"path":"/Users/ssantoyo/Downloads/SpectrumCare_Fixed/assets/images/wfImages/02-parking-labs/11.png","statementMap":{"0":{"start":{"line":1,"column":0},"end":{"line":4,"column":6}}},"fnMap":{},"branchMap":{},"s":{"0":1},"f":{},"b":{},"_coverageSchema":"1a1c01bbd47fc00a2c39e90264f33305004495a9","hash":"759241486d038fc72bb57db16e8c8cf3197b2919"}
,"/Users/ssantoyo/Downloads/SpectrumCare_Fixed/assets/images/wfImages/02-parking-labs/12.png": {"path":"/Users/ssantoyo/Downloads/SpectrumCare_Fixed/assets/images/wfImages/02-parking-labs/12.png","statementMap":{"0":{"start":{"line":1,"column":0},"end":{"line":4,"column":6}}},"fnMap":{},"branchMap":{},"s":{"0":1},"f":{},"b":{},"_coverageSchema":"1a1c01bbd47fc00a2c39e90264f33305004495a9","hash":"3e03e27ff74dc9e2655d04be313c7b6dfba5070a"}
,"/Users/ssantoyo/Downloads/SpectrumCare_Fixed/assets/images/wfImages/02-parking-labs/13.png": {"path":"/Users/ssantoyo/Downloads/SpectrumCare_Fixed/assets/images/wfImages/02-parking-labs/13.png","statementMap":{"0":{"start":{"line":1,"column":0},"end":{"line":4,"column":6}}},"fnMap":{},"branchMap":{},"s":{"0":1},"f":{},"b":{},"_coverageSchema":"1a1c01bbd47fc00a2c39e90264f33305004495a9","hash":"632ad8fcae2a0fc0b29d4e9121917182ef7f3e76"}
,"/Users/ssantoyo/Downloads/SpectrumCare_Fixed/assets/images/wfImages/02-parking-labs/14.png": {"path":"/Users/ssantoyo/Downloads/SpectrumCare_Fixed/assets/images/wfImages/02-parking-labs/14.png","statementMap":{"0":{"start":{"line":1,"column":0},"end":{"line":4,"column":6}}},"fnMap":{},"branchMap":{},"s":{"0":1},"f":{},"b":{},"_coverageSchema":"1a1c01bbd47fc00a2c39e90264f33305004495a9","hash":"b1a89e215ad5391619989b816fe5230db5be1176"}
,"/Users/ssantoyo/Downloads/SpectrumCare_Fixed/assets/images/wfImages/02-parking-labs/15.png": {"path":"/Users/ssantoyo/Downloads/SpectrumCare_Fixed/assets/images/wfImages/02-parking-labs/15.png","statementMap":{"0":{"start":{"line":1,"column":0},"end":{"line":4,"column":6}}},"fnMap":{},"branchMap":{},"s":{"0":1},"f":{},"b":{},"_coverageSchema":"1a1c01bbd47fc00a2c39e90264f33305004495a9","hash":"7acf2143f068b51822bf76cc8e92e1449b0ab322"}
,"/Users/ssantoyo/Downloads/SpectrumCare_Fixed/assets/images/wfImages/02-parking-labs/2.png": {"path":"/Users/ssantoyo/Downloads/SpectrumCare_Fixed/assets/images/wfImages/02-parking-labs/2.png","statementMap":{"0":{"start":{"line":1,"column":0},"end":{"line":4,"column":6}}},"fnMap":{},"branchMap":{},"s":{"0":1},"f":{},"b":{},"_coverageSchema":"1a1c01bbd47fc00a2c39e90264f33305004495a9","hash":"6d54d71b8c64b9ebf68d22840cac796ac1cc8bf7"}
,"/Users/ssantoyo/Downloads/SpectrumCare_Fixed/assets/images/wfImages/02-parking-labs/3.png": {"path":"/Users/ssantoyo/Downloads/SpectrumCare_Fixed/assets/images/wfImages/02-parking-labs/3.png","statementMap":{"0":{"start":{"line":1,"column":0},"end":{"line":4,"column":6}}},"fnMap":{},"branchMap":{},"s":{"0":1},"f":{},"b":{},"_coverageSchema":"1a1c01bbd47fc00a2c39e90264f33305004495a9","hash":"142cc524f5f04879d89aa5d6009c3be4cab72ebd"}
,"/Users/ssantoyo/Downloads/SpectrumCare_Fixed/assets/images/wfImages/02-parking-labs/4.png": {"path":"/Users/ssantoyo/Downloads/SpectrumCare_Fixed/assets/images/wfImages/02-parking-labs/4.png","statementMap":{"0":{"start":{"line":1,"column":0},"end":{"line":4,"column":6}}},"fnMap":{},"branchMap":{},"s":{"0":1},"f":{},"b":{},"_coverageSchema":"1a1c01bbd47fc00a2c39e90264f33305004495a9","hash":"e1acac7c36e04b075d5ca28985831e3a240366f1"}
,"/Users/ssantoyo/Downloads/SpectrumCare_Fixed/assets/images/wfImages/02-parking-labs/5.png": {"path":"/Users/ssantoyo/Downloads/SpectrumCare_Fixed/assets/images/wfImages/02-parking-labs/5.png","statementMap":{"0":{"start":{"line":1,"column":0},"end":{"line":4,"column":6}}},"fnMap":{},"branchMap":{},"s":{"0":1},"f":{},"b":{},"_coverageSchema":"1a1c01bbd47fc00a2c39e90264f33305004495a9","hash":"0aeb9d2260f27296270f6a07a91727a6351929de"}
,"/Users/ssantoyo/Downloads/SpectrumCare_Fixed/assets/images/wfImages/02-parking-labs/6.png": {"path":"/Users/ssantoyo/Downloads/SpectrumCare_Fixed/assets/images/wfImages/02-parking-labs/6.png","statementMap":{"0":{"start":{"line":1,"column":0},"end":{"line":4,"column":6}}},"fnMap":{},"branchMap":{},"s":{"0":1},"f":{},"b":{},"_coverageSchema":"1a1c01bbd47fc00a2c39e90264f33305004495a9","hash":"b9f1537b78255700b4d0ac15d7143d5cb178b66d"}
,"/Users/ssantoyo/Downloads/SpectrumCare_Fixed/assets/images/wfImages/02-parking-labs/7.png": {"path":"/Users/ssantoyo/Downloads/SpectrumCare_Fixed/assets/images/wfImages/02-parking-labs/7.png","statementMap":{"0":{"start":{"line":1,"column":0},"end":{"line":4,"column":6}}},"fnMap":{},"branchMap":{},"s":{"0":1},"f":{},"b":{},"_coverageSchema":"1a1c01bbd47fc00a2c39e90264f33305004495a9","hash":"53a207f4474155d2a2672d64939061666dd097bc"}
,"/Users/ssantoyo/Downloads/SpectrumCare_Fixed/assets/images/wfImages/02-parking-labs/8.png": {"path":"/Users/ssantoyo/Downloads/SpectrumCare_Fixed/assets/images/wfImages/02-parking-labs/8.png","statementMap":{"0":{"start":{"line":1,"column":0},"end":{"line":4,"column":6}}},"fnMap":{},"branchMap":{},"s":{"0":1},"f":{},"b":{},"_coverageSchema":"1a1c01bbd47fc00a2c39e90264f33305004495a9","hash":"a1796ccaec58394d402b864b7ffdd9fdcb3a37c0"}
,"/Users/ssantoyo/Downloads/SpectrumCare_Fixed/assets/images/wfImages/02-parking-labs/9.png": {"path":"/Users/ssantoyo/Downloads/SpectrumCare_Fixed/assets/images/wfImages/02-parking-labs/9.png","statementMap":{"0":{"start":{"line":1,"column":0},"end":{"line":4,"column":6}}},"fnMap":{},"branchMap":{},"s":{"0":1},"f":{},"b":{},"_coverageSchema":"1a1c01bbd47fc00a2c39e90264f33305004495a9","hash":"b0d416b1d4bbdcd274b1ec1051dd3168a1566def"}
,"/Users/ssantoyo/Downloads/SpectrumCare_Fixed/assets/images/wfImages/03-hosp-enter-radiology/1.png": {"path":"/Users/ssantoyo/Downloads/SpectrumCare_Fixed/assets/images/wfImages/03-hosp-enter-radiology/1.png","statementMap":{"0":{"start":{"line":1,"column":0},"end":{"line":4,"column":6}}},"fnMap":{},"branchMap":{},"s":{"0":2},"f":{},"b":{},"_coverageSchema":"1a1c01bbd47fc00a2c39e90264f33305004495a9","hash":"a9b69339094d1fbe4bcd3173fc94b0dd77995202"}
,"/Users/ssantoyo/Downloads/SpectrumCare_Fixed/assets/images/wfImages/03-hosp-enter-radiology/10.png": {"path":"/Users/ssantoyo/Downloads/SpectrumCare_Fixed/assets/images/wfImages/03-hosp-enter-radiology/10.png","statementMap":{"0":{"start":{"line":1,"column":0},"end":{"line":4,"column":6}}},"fnMap":{},"branchMap":{},"s":{"0":1},"f":{},"b":{},"_coverageSchema":"1a1c01bbd47fc00a2c39e90264f33305004495a9","hash":"43eeeae93bc25685f5fbd67c762c2addc590c463"}
,"/Users/ssantoyo/Downloads/SpectrumCare_Fixed/assets/images/wfImages/03-hosp-enter-radiology/11.png": {"path":"/Users/ssantoyo/Downloads/SpectrumCare_Fixed/assets/images/wfImages/03-hosp-enter-radiology/11.png","statementMap":{"0":{"start":{"line":1,"column":0},"end":{"line":4,"column":6}}},"fnMap":{},"branchMap":{},"s":{"0":1},"f":{},"b":{},"_coverageSchema":"1a1c01bbd47fc00a2c39e90264f33305004495a9","hash":"5b3e4ccc733c3e3d5bdd00d3c7b190764387e190"}
,"/Users/ssantoyo/Downloads/SpectrumCare_Fixed/assets/images/wfImages/03-hosp-enter-radiology/12.png": {"path":"/Users/ssantoyo/Downloads/SpectrumCare_Fixed/assets/images/wfImages/03-hosp-enter-radiology/12.png","statementMap":{"0":{"start":{"line":1,"column":0},"end":{"line":4,"column":6}}},"fnMap":{},"branchMap":{},"s":{"0":1},"f":{},"b":{},"_coverageSchema":"1a1c01bbd47fc00a2c39e90264f33305004495a9","hash":"2dba5af4ed816750391a09c061b1a0883325ecfc"}
,"/Users/ssantoyo/Downloads/SpectrumCare_Fixed/assets/images/wfImages/03-hosp-enter-radiology/2.png": {"path":"/Users/ssantoyo/Downloads/SpectrumCare_Fixed/assets/images/wfImages/03-hosp-enter-radiology/2.png","statementMap":{"0":{"start":{"line":1,"column":0},"end":{"line":4,"column":6}}},"fnMap":{},"branchMap":{},"s":{"0":1},"f":{},"b":{},"_coverageSchema":"1a1c01bbd47fc00a2c39e90264f33305004495a9","hash":"2585cb47c82b85af02274c9d3bdf4e00a9af8b60"}
,"/Users/ssantoyo/Downloads/SpectrumCare_Fixed/assets/images/wfImages/03-hosp-enter-radiology/3.png": {"path":"/Users/ssantoyo/Downloads/SpectrumCare_Fixed/assets/images/wfImages/03-hosp-enter-radiology/3.png","statementMap":{"0":{"start":{"line":1,"column":0},"end":{"line":4,"column":6}}},"fnMap":{},"branchMap":{},"s":{"0":1},"f":{},"b":{},"_coverageSchema":"1a1c01bbd47fc00a2c39e90264f33305004495a9","hash":"db5160bc3ba056f0170c9027335284adfe2ee736"}
,"/Users/ssantoyo/Downloads/SpectrumCare_Fixed/assets/images/wfImages/03-hosp-enter-radiology/4.png": {"path":"/Users/ssantoyo/Downloads/SpectrumCare_Fixed/assets/images/wfImages/03-hosp-enter-radiology/4.png","statementMap":{"0":{"start":{"line":1,"column":0},"end":{"line":4,"column":6}}},"fnMap":{},"branchMap":{},"s":{"0":1},"f":{},"b":{},"_coverageSchema":"1a1c01bbd47fc00a2c39e90264f33305004495a9","hash":"60b2158bdfb36166a8775469ce2d01038b9fd313"}
,"/Users/ssantoyo/Downloads/SpectrumCare_Fixed/assets/images/wfImages/03-hosp-enter-radiology/5.png": {"path":"/Users/ssantoyo/Downloads/SpectrumCare_Fixed/assets/images/wfImages/03-hosp-enter-radiology/5.png","statementMap":{"0":{"start":{"line":1,"column":0},"end":{"line":4,"column":6}}},"fnMap":{},"branchMap":{},"s":{"0":1},"f":{},"b":{},"_coverageSchema":"1a1c01bbd47fc00a2c39e90264f33305004495a9","hash":"8413c6be09af44d3311573c94f5df68f1899a563"}
,"/Users/ssantoyo/Downloads/SpectrumCare_Fixed/assets/images/wfImages/03-hosp-enter-radiology/6.png": {"path":"/Users/ssantoyo/Downloads/SpectrumCare_Fixed/assets/images/wfImages/03-hosp-enter-radiology/6.png","statementMap":{"0":{"start":{"line":1,"column":0},"end":{"line":4,"column":6}}},"fnMap":{},"branchMap":{},"s":{"0":1},"f":{},"b":{},"_coverageSchema":"1a1c01bbd47fc00a2c39e90264f33305004495a9","hash":"9bf9e19af1ee47dfa3a1bb3c34ed7605d773d636"}
,"/Users/ssantoyo/Downloads/SpectrumCare_Fixed/assets/images/wfImages/03-hosp-enter-radiology/7.png": {"path":"/Users/ssantoyo/Downloads/SpectrumCare_Fixed/assets/images/wfImages/03-hosp-enter-radiology/7.png","statementMap":{"0":{"start":{"line":1,"column":0},"end":{"line":4,"column":6}}},"fnMap":{},"branchMap":{},"s":{"0":1},"f":{},"b":{},"_coverageSchema":"1a1c01bbd47fc00a2c39e90264f33305004495a9","hash":"c48990acc0a385a2a01b6c1848d13d14f653be34"}
,"/Users/ssantoyo/Downloads/SpectrumCare_Fixed/assets/images/wfImages/03-hosp-enter-radiology/8.png": {"path":"/Users/ssantoyo/Downloads/SpectrumCare_Fixed/assets/images/wfImages/03-hosp-enter-radiology/8.png","statementMap":{"0":{"start":{"line":1,"column":0},"end":{"line":4,"column":6}}},"fnMap":{},"branchMap":{},"s":{"0":1},"f":{},"b":{},"_coverageSchema":"1a1c01bbd47fc00a2c39e90264f33305004495a9","hash":"91d766c54822d1b22b5b8efdc6f5dfefc47fe4eb"}
,"/Users/ssantoyo/Downloads/SpectrumCare_Fixed/assets/images/wfImages/03-hosp-enter-radiology/9.png": {"path":"/Users/ssantoyo/Downloads/SpectrumCare_Fixed/assets/images/wfImages/03-hosp-enter-radiology/9.png","statementMap":{"0":{"start":{"line":1,"column":0},"end":{"line":4,"column":6}}},"fnMap":{},"branchMap":{},"s":{"0":1},"f":{},"b":{},"_coverageSchema":"1a1c01bbd47fc00a2c39e90264f33305004495a9","hash":"5307887650231ebd14009b202ae3db47bcbea7d8"}
,"/Users/ssantoyo/Downloads/SpectrumCare_Fixed/assets/images/wfImages/04-hosp-enter-OR-checkin/1.png": {"path":"/Users/ssantoyo/Downloads/SpectrumCare_Fixed/assets/images/wfImages/04-hosp-enter-OR-checkin/1.png","statementMap":{"0":{"start":{"line":1,"column":0},"end":{"line":4,"column":6}}},"fnMap":{},"branchMap":{},"s":{"0":1},"f":{},"b":{},"_coverageSchema":"1a1c01bbd47fc00a2c39e90264f33305004495a9","hash":"385aa4d1f6c3082f3dd55fb9f59f4aea339c4105"}
,"/Users/ssantoyo/Downloads/SpectrumCare_Fixed/assets/images/wfImages/04-hosp-enter-OR-checkin/10.png": {"path":"/Users/ssantoyo/Downloads/SpectrumCare_Fixed/assets/images/wfImages/04-hosp-enter-OR-checkin/10.png","statementMap":{"0":{"start":{"line":1,"column":0},"end":{"line":4,"column":6}}},"fnMap":{},"branchMap":{},"s":{"0":1},"f":{},"b":{},"_coverageSchema":"1a1c01bbd47fc00a2c39e90264f33305004495a9","hash":"40c74122944891ce5a6c73bcc5dbf6054600888e"}
,"/Users/ssantoyo/Downloads/SpectrumCare_Fixed/assets/images/wfImages/04-hosp-enter-OR-checkin/11.png": {"path":"/Users/ssantoyo/Downloads/SpectrumCare_Fixed/assets/images/wfImages/04-hosp-enter-OR-checkin/11.png","statementMap":{"0":{"start":{"line":1,"column":0},"end":{"line":4,"column":6}}},"fnMap":{},"branchMap":{},"s":{"0":1},"f":{},"b":{},"_coverageSchema":"1a1c01bbd47fc00a2c39e90264f33305004495a9","hash":"19f7558358e270ca873b246f952c9f42f1d44ce4"}
,"/Users/ssantoyo/Downloads/SpectrumCare_Fixed/assets/images/wfImages/04-hosp-enter-OR-checkin/12.png": {"path":"/Users/ssantoyo/Downloads/SpectrumCare_Fixed/assets/images/wfImages/04-hosp-enter-OR-checkin/12.png","statementMap":{"0":{"start":{"line":1,"column":0},"end":{"line":4,"column":6}}},"fnMap":{},"branchMap":{},"s":{"0":1},"f":{},"b":{},"_coverageSchema":"1a1c01bbd47fc00a2c39e90264f33305004495a9","hash":"1f525a7bfdfb4562113af81a38e0f7685e04730d"}
,"/Users/ssantoyo/Downloads/SpectrumCare_Fixed/assets/images/wfImages/04-hosp-enter-OR-checkin/13.png": {"path":"/Users/ssantoyo/Downloads/SpectrumCare_Fixed/assets/images/wfImages/04-hosp-enter-OR-checkin/13.png","statementMap":{"0":{"start":{"line":1,"column":0},"end":{"line":4,"column":6}}},"fnMap":{},"branchMap":{},"s":{"0":1},"f":{},"b":{},"_coverageSchema":"1a1c01bbd47fc00a2c39e90264f33305004495a9","hash":"b3752e36b37c90add17d38c0c27498be3b28a9b1"}
,"/Users/ssantoyo/Downloads/SpectrumCare_Fixed/assets/images/wfImages/04-hosp-enter-OR-checkin/14.png": {"path":"/Users/ssantoyo/Downloads/SpectrumCare_Fixed/assets/images/wfImages/04-hosp-enter-OR-checkin/14.png","statementMap":{"0":{"start":{"line":1,"column":0},"end":{"line":4,"column":6}}},"fnMap":{},"branchMap":{},"s":{"0":1},"f":{},"b":{},"_coverageSchema":"1a1c01bbd47fc00a2c39e90264f33305004495a9","hash":"ecb3abb1cae078eb079ce58ad52933985a7ef4f3"}
,"/Users/ssantoyo/Downloads/SpectrumCare_Fixed/assets/images/wfImages/04-hosp-enter-OR-checkin/15.png": {"path":"/Users/ssantoyo/Downloads/SpectrumCare_Fixed/assets/images/wfImages/04-hosp-enter-OR-checkin/15.png","statementMap":{"0":{"start":{"line":1,"column":0},"end":{"line":4,"column":6}}},"fnMap":{},"branchMap":{},"s":{"0":1},"f":{},"b":{},"_coverageSchema":"1a1c01bbd47fc00a2c39e90264f33305004495a9","hash":"6891b8ae34e3d5c0b56f771e41da08f3ef92c27b"}
,"/Users/ssantoyo/Downloads/SpectrumCare_Fixed/assets/images/wfImages/04-hosp-enter-OR-checkin/16.png": {"path":"/Users/ssantoyo/Downloads/SpectrumCare_Fixed/assets/images/wfImages/04-hosp-enter-OR-checkin/16.png","statementMap":{"0":{"start":{"line":1,"column":0},"end":{"line":4,"column":6}}},"fnMap":{},"branchMap":{},"s":{"0":1},"f":{},"b":{},"_coverageSchema":"1a1c01bbd47fc00a2c39e90264f33305004495a9","hash":"d47102432a55bd8686de5a0ecd5b2f9fe37e16b1"}
,"/Users/ssantoyo/Downloads/SpectrumCare_Fixed/assets/images/wfImages/04-hosp-enter-OR-checkin/17.png": {"path":"/Users/ssantoyo/Downloads/SpectrumCare_Fixed/assets/images/wfImages/04-hosp-enter-OR-checkin/17.png","statementMap":{"0":{"start":{"line":1,"column":0},"end":{"line":4,"column":6}}},"fnMap":{},"branchMap":{},"s":{"0":1},"f":{},"b":{},"_coverageSchema":"1a1c01bbd47fc00a2c39e90264f33305004495a9","hash":"8b7ca4597c7eebd6fdb81b36ef339231781e09de"}
,"/Users/ssantoyo/Downloads/SpectrumCare_Fixed/assets/images/wfImages/04-hosp-enter-OR-checkin/18.png": {"path":"/Users/ssantoyo/Downloads/SpectrumCare_Fixed/assets/images/wfImages/04-hosp-enter-OR-checkin/18.png","statementMap":{"0":{"start":{"line":1,"column":0},"end":{"line":4,"column":6}}},"fnMap":{},"branchMap":{},"s":{"0":1},"f":{},"b":{},"_coverageSchema":"1a1c01bbd47fc00a2c39e90264f33305004495a9","hash":"30a28151c13ae091b447a6d7b3b3994cda1d0a5d"}
,"/Users/ssantoyo/Downloads/SpectrumCare_Fixed/assets/images/wfImages/04-hosp-enter-OR-checkin/2.png": {"path":"/Users/ssantoyo/Downloads/SpectrumCare_Fixed/assets/images/wfImages/04-hosp-enter-OR-checkin/2.png","statementMap":{"0":{"start":{"line":1,"column":0},"end":{"line":4,"column":6}}},"fnMap":{},"branchMap":{},"s":{"0":1},"f":{},"b":{},"_coverageSchema":"1a1c01bbd47fc00a2c39e90264f33305004495a9","hash":"2e11519d0e944edb4ebf4c93c6e0e939fb7cd802"}
,"/Users/ssantoyo/Downloads/SpectrumCare_Fixed/assets/images/wfImages/04-hosp-enter-OR-checkin/3.png": {"path":"/Users/ssantoyo/Downloads/SpectrumCare_Fixed/assets/images/wfImages/04-hosp-enter-OR-checkin/3.png","statementMap":{"0":{"start":{"line":1,"column":0},"end":{"line":4,"column":6}}},"fnMap":{},"branchMap":{},"s":{"0":1},"f":{},"b":{},"_coverageSchema":"1a1c01bbd47fc00a2c39e90264f33305004495a9","hash":"bba60bef3899212fab1aba35f99b4a3745f82e6b"}
,"/Users/ssantoyo/Downloads/SpectrumCare_Fixed/assets/images/wfImages/04-hosp-enter-OR-checkin/4.png": {"path":"/Users/ssantoyo/Downloads/SpectrumCare_Fixed/assets/images/wfImages/04-hosp-enter-OR-checkin/4.png","statementMap":{"0":{"start":{"line":1,"column":0},"end":{"line":4,"column":6}}},"fnMap":{},"branchMap":{},"s":{"0":1},"f":{},"b":{},"_coverageSchema":"1a1c01bbd47fc00a2c39e90264f33305004495a9","hash":"e923524d269e6445678437341c33bd86ad7aac4f"}
,"/Users/ssantoyo/Downloads/SpectrumCare_Fixed/assets/images/wfImages/04-hosp-enter-OR-checkin/5.png": {"path":"/Users/ssantoyo/Downloads/SpectrumCare_Fixed/assets/images/wfImages/04-hosp-enter-OR-checkin/5.png","statementMap":{"0":{"start":{"line":1,"column":0},"end":{"line":4,"column":6}}},"fnMap":{},"branchMap":{},"s":{"0":1},"f":{},"b":{},"_coverageSchema":"1a1c01bbd47fc00a2c39e90264f33305004495a9","hash":"1ad7063829636026b23cf52284ee55c2aa960a4d"}
,"/Users/ssantoyo/Downloads/SpectrumCare_Fixed/assets/images/wfImages/04-hosp-enter-OR-checkin/6.png": {"path":"/Users/ssantoyo/Downloads/SpectrumCare_Fixed/assets/images/wfImages/04-hosp-enter-OR-checkin/6.png","statementMap":{"0":{"start":{"line":1,"column":0},"end":{"line":4,"column":6}}},"fnMap":{},"branchMap":{},"s":{"0":1},"f":{},"b":{},"_coverageSchema":"1a1c01bbd47fc00a2c39e90264f33305004495a9","hash":"85c4389ea8722a192e5d11722559a4a2c031a2d9"}
,"/Users/ssantoyo/Downloads/SpectrumCare_Fixed/assets/images/wfImages/04-hosp-enter-OR-checkin/7.png": {"path":"/Users/ssantoyo/Downloads/SpectrumCare_Fixed/assets/images/wfImages/04-hosp-enter-OR-checkin/7.png","statementMap":{"0":{"start":{"line":1,"column":0},"end":{"line":4,"column":6}}},"fnMap":{},"branchMap":{},"s":{"0":1},"f":{},"b":{},"_coverageSchema":"1a1c01bbd47fc00a2c39e90264f33305004495a9","hash":"08b0e9f8dbfa30c85417a6fd9998c0df7cbf897b"}
,"/Users/ssantoyo/Downloads/SpectrumCare_Fixed/assets/images/wfImages/04-hosp-enter-OR-checkin/8.png": {"path":"/Users/ssantoyo/Downloads/SpectrumCare_Fixed/assets/images/wfImages/04-hosp-enter-OR-checkin/8.png","statementMap":{"0":{"start":{"line":1,"column":0},"end":{"line":4,"column":6}}},"fnMap":{},"branchMap":{},"s":{"0":1},"f":{},"b":{},"_coverageSchema":"1a1c01bbd47fc00a2c39e90264f33305004495a9","hash":"6cd3bb3572697d6d3ec5b7a681888b180beb773d"}
,"/Users/ssantoyo/Downloads/SpectrumCare_Fixed/assets/images/wfImages/04-hosp-enter-OR-checkin/9.png": {"path":"/Users/ssantoyo/Downloads/SpectrumCare_Fixed/assets/images/wfImages/04-hosp-enter-OR-checkin/9.png","statementMap":{"0":{"start":{"line":1,"column":0},"end":{"line":4,"column":6}}},"fnMap":{},"branchMap":{},"s":{"0":1},"f":{},"b":{},"_coverageSchema":"1a1c01bbd47fc00a2c39e90264f33305004495a9","hash":"39fa3a07bda7829fcab59588c8a6e0cafc78d4d4"}
,"/Users/ssantoyo/Downloads/SpectrumCare_Fixed/assets/testData/WFData.js": {"path":"/Users/ssantoyo/Downloads/SpectrumCare_Fixed/assets/testData/WFData.js","statementMap":{},"fnMap":{},"branchMap":{},"s":{},"f":{},"b":{},"_coverageSchema":"1a1c01bbd47fc00a2c39e90264f33305004495a9","hash":"4db860c56be59c173862d8b540a94839af581392"}
,"/Users/ssantoyo/Downloads/SpectrumCare_Fixed/components/BackButton.tsx": {"path":"/Users/ssantoyo/Downloads/SpectrumCare_Fixed/components/BackButton.tsx","statementMap":{"0":{"start":{"line":8,"column":21},"end":{"line":8,"column":36}},"1":{"start":{"line":10,"column":2},"end":{"line":20,"column":4}},"2":{"start":{"line":15,"column":10},"end":{"line":15,"column":30}},"3":{"start":{"line":22,"column":15},"end":{"line":31,"column":2}}},"fnMap":{"0":{"name":"BackButton","decl":{"start":{"line":7,"column":9},"end":{"line":7,"column":19}},"loc":{"start":{"line":7,"column":22},"end":{"line":21,"column":1}},"line":7},"1":{"name":"(anonymous_1)","decl":{"start":{"line":14,"column":17},"end":{"line":14,"column":18}},"loc":{"start":{"line":14,"column":23},"end":{"line":16,"column":9}},"line":14}},"branchMap":{},"s":{"0":0,"1":0,"2":0,"3":1},"f":{"0":0,"1":0},"b":{},"_coverageSchema":"1a1c01bbd47fc00a2c39e90264f33305004495a9","hash":"a09417e52006e238460be1ea8246a058bdb51d61"}
,"/Users/ssantoyo/Downloads/SpectrumCare_Fixed/components/NotesButton.tsx": {"path":"/Users/ssantoyo/Downloads/SpectrumCare_Fixed/components/NotesButton.tsx","statementMap":{"0":{"start":{"line":18,"column":18},"end":{"line":39,"column":1}},"1":{"start":{"line":19,"column":2},"end":{"line":38,"column":3}},"2":{"start":{"line":21,"column":4},"end":{"line":33,"column":5}},"3":{"start":{"line":22,"column":6},"end":{"line":22,"column":38}},"4":{"start":{"line":23,"column":6},"end":{"line":23,"column":34}},"5":{"start":{"line":24,"column":11},"end":{"line":33,"column":5}},"6":{"start":{"line":25,"column":6},"end":{"line":25,"column":38}},"7":{"start":{"line":26,"column":6},"end":{"line":26,"column":34}},"8":{"start":{"line":27,"column":11},"end":{"line":33,"column":5}},"9":{"start":{"line":28,"column":6},"end":{"line":28,"column":38}},"10":{"start":{"line":29,"column":6},"end":{"line":29,"column":34}},"11":{"start":{"line":31,"column":6},"end":{"line":31,"column":38}},"12":{"start":{"line":32,"column":6},"end":{"line":32,"column":34}},"13":{"start":{"line":48,"column":36},"end":{"line":48,"column":50}},"14":{"start":{"line":49,"column":26},"end":{"line":49,"column":37}},"15":{"start":{"line":50,"column":36},"end":{"line":50,"column":55}},"16":{"start":{"line":51,"column":17},"end":{"line":51,"column":62}},"17":{"start":{"line":53,"column":2},"end":{"line":95,"column":12}},"18":{"start":{"line":54,"column":20},"end":{"line":93,"column":5}},"19":{"start":{"line":56,"column":6},"end":{"line":92,"column":7}},"20":{"start":{"line":59,"column":8},"end":{"line":71,"column":9}},"21":{"start":{"line":60,"column":10},"end":{"line":60,"column":55}},"22":{"start":{"line":61,"column":10},"end":{"line":61,"column":51}},"23":{"start":{"line":62,"column":15},"end":{"line":71,"column":9}},"24":{"start":{"line":63,"column":10},"end":{"line":63,"column":55}},"25":{"start":{"line":64,"column":10},"end":{"line":64,"column":51}},"26":{"start":{"line":65,"column":15},"end":{"line":71,"column":9}},"27":{"start":{"line":66,"column":10},"end":{"line":66,"column":55}},"28":{"start":{"line":67,"column":10},"end":{"line":67,"column":51}},"29":{"start":{"line":69,"column":10},"end":{"line":69,"column":55}},"30":{"start":{"line":70,"column":10},"end":{"line":70,"column":51}},"31":{"start":{"line":75,"column":8},"end":{"line":80,"column":9}},"32":{"start":{"line":76,"column":10},"end":{"line":76,"column":42}},"33":{"start":{"line":79,"column":10},"end":{"line":79,"column":49}},"34":{"start":{"line":82,"column":8},"end":{"line":87,"column":9}},"35":{"start":{"line":83,"column":10},"end":{"line":83,"column":47}},"36":{"start":{"line":86,"column":10},"end":{"line":86,"column":36}},"37":{"start":{"line":94,"column":4},"end":{"line":94,"column":14}},"38":{"start":{"line":98,"column":31},"end":{"line":98,"column":78}},"39":{"start":{"line":99,"column":41},"end":{"line":99,"column":64}},"40":{"start":{"line":101,"column":19},"end":{"line":101,"column":31}},"41":{"start":{"line":104,"column":4},"end":{"line":104,"column":43}},"42":{"start":{"line":105,"column":4},"end":{"line":105,"column":14}},"43":{"start":{"line":106,"column":4},"end":{"line":106,"column":22}},"44":{"start":{"line":110,"column":4},"end":{"line":110,"column":24}},"45":{"start":{"line":114,"column":4},"end":{"line":114,"column":46}},"46":{"start":{"line":115,"column":4},"end":{"line":115,"column":37}},"47":{"start":{"line":116,"column":4},"end":{"line":116,"column":44}},"48":{"start":{"line":117,"column":4},"end":{"line":117,"column":21}},"49":{"start":{"line":118,"column":4},"end":{"line":118,"column":33}},"50":{"start":{"line":122,"column":2},"end":{"line":197,"column":4}},"51":{"start":{"line":130,"column":25},"end":{"line":130,"column":42}},"52":{"start":{"line":146,"column":96},"end":{"line":146,"column":114}},"53":{"start":{"line":150,"column":37},"end":{"line":150,"column":60}},"54":{"start":{"line":155,"column":45},"end":{"line":155,"column":73}},"55":{"start":{"line":162,"column":33},"end":{"line":162,"column":57}},"56":{"start":{"line":173,"column":38},"end":{"line":173,"column":56}},"57":{"start":{"line":180,"column":39},"end":{"line":180,"column":61}},"58":{"start":{"line":183,"column":39},"end":{"line":183,"column":61}},"59":{"start":{"line":186,"column":39},"end":{"line":186,"column":61}},"60":{"start":{"line":189,"column":39},"end":{"line":189,"column":61}},"61":{"start":{"line":200,"column":15},"end":{"line":280,"column":2}}},"fnMap":{"0":{"name":"(anonymous_0)","decl":{"start":{"line":18,"column":18},"end":{"line":18,"column":19}},"loc":{"start":{"line":18,"column":63},"end":{"line":39,"column":1}},"line":18},"1":{"name":"NotesButton","decl":{"start":{"line":46,"column":9},"end":{"line":46,"column":20}},"loc":{"start":{"line":46,"column":36},"end":{"line":198,"column":1}},"line":46},"2":{"name":"(anonymous_2)","decl":{"start":{"line":53,"column":12},"end":{"line":53,"column":13}},"loc":{"start":{"line":53,"column":18},"end":{"line":95,"column":3}},"line":53},"3":{"name":"(anonymous_3)","decl":{"start":{"line":54,"column":20},"end":{"line":54,"column":21}},"loc":{"start":{"line":54,"column":32},"end":{"line":93,"column":5}},"line":54},"4":{"name":"onCollapseHandler","decl":{"start":{"line":103,"column":11},"end":{"line":103,"column":28}},"loc":{"start":{"line":103,"column":46},"end":{"line":107,"column":3}},"line":103},"5":{"name":"onExpandHandler","decl":{"start":{"line":108,"column":11},"end":{"line":108,"column":26}},"loc":{"start":{"line":108,"column":29},"end":{"line":111,"column":3}},"line":108},"6":{"name":"onChangePageHandler","decl":{"start":{"line":113,"column":11},"end":{"line":113,"column":30}},"loc":{"start":{"line":113,"column":45},"end":{"line":119,"column":3}},"line":113},"7":{"name":"(anonymous_7)","decl":{"start":{"line":130,"column":19},"end":{"line":130,"column":20}},"loc":{"start":{"line":130,"column":25},"end":{"line":130,"column":42}},"line":130},"8":{"name":"(anonymous_8)","decl":{"start":{"line":146,"column":90},"end":{"line":146,"column":91}},"loc":{"start":{"line":146,"column":96},"end":{"line":146,"column":114}},"line":146},"9":{"name":"(anonymous_9)","decl":{"start":{"line":150,"column":31},"end":{"line":150,"column":32}},"loc":{"start":{"line":150,"column":37},"end":{"line":150,"column":60}},"line":150},"10":{"name":"(anonymous_10)","decl":{"start":{"line":155,"column":32},"end":{"line":155,"column":33}},"loc":{"start":{"line":155,"column":45},"end":{"line":155,"column":73}},"line":155},"11":{"name":"(anonymous_11)","decl":{"start":{"line":162,"column":25},"end":{"line":162,"column":26}},"loc":{"start":{"line":162,"column":31},"end":{"line":162,"column":59}},"line":162},"12":{"name":"(anonymous_12)","decl":{"start":{"line":173,"column":30},"end":{"line":173,"column":31}},"loc":{"start":{"line":173,"column":38},"end":{"line":173,"column":56}},"line":173},"13":{"name":"(anonymous_13)","decl":{"start":{"line":180,"column":33},"end":{"line":180,"column":34}},"loc":{"start":{"line":180,"column":39},"end":{"line":180,"column":61}},"line":180},"14":{"name":"(anonymous_14)","decl":{"start":{"line":183,"column":33},"end":{"line":183,"column":34}},"loc":{"start":{"line":183,"column":39},"end":{"line":183,"column":61}},"line":183},"15":{"name":"(anonymous_15)","decl":{"start":{"line":186,"column":33},"end":{"line":186,"column":34}},"loc":{"start":{"line":186,"column":39},"end":{"line":186,"column":61}},"line":186},"16":{"name":"(anonymous_16)","decl":{"start":{"line":189,"column":33},"end":{"line":189,"column":34}},"loc":{"start":{"line":189,"column":39},"end":{"line":189,"column":61}},"line":189}},"branchMap":{"0":{"loc":{"start":{"line":21,"column":4},"end":{"line":33,"column":5}},"type":"if","locations":[{"start":{"line":21,"column":4},"end":{"line":33,"column":5}},{"start":{"line":24,"column":11},"end":{"line":33,"column":5}}],"line":21},"1":{"loc":{"start":{"line":24,"column":11},"end":{"line":33,"column":5}},"type":"if","locations":[{"start":{"line":24,"column":11},"end":{"line":33,"column":5}},{"start":{"line":27,"column":11},"end":{"line":33,"column":5}}],"line":24},"2":{"loc":{"start":{"line":27,"column":11},"end":{"line":33,"column":5}},"type":"if","locations":[{"start":{"line":27,"column":11},"end":{"line":33,"column":5}},{"start":{"line":30,"column":11},"end":{"line":33,"column":5}}],"line":27},"3":{"loc":{"start":{"line":59,"column":8},"end":{"line":71,"column":9}},"type":"if","locations":[{"start":{"line":59,"column":8},"end":{"line":71,"column":9}},{"start":{"line":62,"column":15},"end":{"line":71,"column":9}}],"line":59},"4":{"loc":{"start":{"line":62,"column":15},"end":{"line":71,"column":9}},"type":"if","locations":[{"start":{"line":62,"column":15},"end":{"line":71,"column":9}},{"start":{"line":65,"column":15},"end":{"line":71,"column":9}}],"line":62},"5":{"loc":{"start":{"line":65,"column":15},"end":{"line":71,"column":9}},"type":"if","locations":[{"start":{"line":65,"column":15},"end":{"line":71,"column":9}},{"start":{"line":68,"column":15},"end":{"line":71,"column":9}}],"line":65},"6":{"loc":{"start":{"line":75,"column":8},"end":{"line":80,"column":9}},"type":"if","locations":[{"start":{"line":75,"column":8},"end":{"line":80,"column":9}},{"start":{"line":78,"column":15},"end":{"line":80,"column":9}}],"line":75},"7":{"loc":{"start":{"line":75,"column":12},"end":{"line":75,"column":73}},"type":"binary-expr","locations":[{"start":{"line":75,"column":12},"end":{"line":75,"column":44}},{"start":{"line":75,"column":48},"end":{"line":75,"column":73}}],"line":75},"8":{"loc":{"start":{"line":82,"column":8},"end":{"line":87,"column":9}},"type":"if","locations":[{"start":{"line":82,"column":8},"end":{"line":87,"column":9}},{"start":{"line":85,"column":15},"end":{"line":87,"column":9}}],"line":82},"9":{"loc":{"start":{"line":82,"column":12},"end":{"line":82,"column":73}},"type":"binary-expr","locations":[{"start":{"line":82,"column":12},"end":{"line":82,"column":44}},{"start":{"line":82,"column":48},"end":{"line":82,"column":73}}],"line":82},"10":{"loc":{"start":{"line":124,"column":4},"end":{"line":196,"column":14}},"type":"cond-expr","locations":[{"start":{"line":125,"column":6},"end":{"line":141,"column":21}},{"start":{"line":142,"column":6},"end":{"line":196,"column":14}}],"line":124},"11":{"loc":{"start":{"line":179,"column":49},"end":{"line":179,"column":84}},"type":"cond-expr","locations":[{"start":{"line":179,"column":63},"end":{"line":179,"column":72}},{"start":{"line":179,"column":75},"end":{"line":179,"column":84}}],"line":179},"12":{"loc":{"start":{"line":180,"column":90},"end":{"line":180,"column":125}},"type":"cond-expr","locations":[{"start":{"line":180,"column":104},"end":{"line":180,"column":113}},{"start":{"line":180,"column":116},"end":{"line":180,"column":125}}],"line":180},"13":{"loc":{"start":{"line":182,"column":49},"end":{"line":182,"column":84}},"type":"cond-expr","locations":[{"start":{"line":182,"column":63},"end":{"line":182,"column":72}},{"start":{"line":182,"column":75},"end":{"line":182,"column":84}}],"line":182},"14":{"loc":{"start":{"line":183,"column":90},"end":{"line":183,"column":125}},"type":"cond-expr","locations":[{"start":{"line":183,"column":104},"end":{"line":183,"column":113}},{"start":{"line":183,"column":116},"end":{"line":183,"column":125}}],"line":183},"15":{"loc":{"start":{"line":185,"column":49},"end":{"line":185,"column":84}},"type":"cond-expr","locations":[{"start":{"line":185,"column":63},"end":{"line":185,"column":72}},{"start":{"line":185,"column":75},"end":{"line":185,"column":84}}],"line":185},"16":{"loc":{"start":{"line":186,"column":90},"end":{"line":186,"column":125}},"type":"cond-expr","locations":[{"start":{"line":186,"column":104},"end":{"line":186,"column":113}},{"start":{"line":186,"column":116},"end":{"line":186,"column":125}}],"line":186},"17":{"loc":{"start":{"line":188,"column":49},"end":{"line":188,"column":84}},"type":"cond-expr","locations":[{"start":{"line":188,"column":63},"end":{"line":188,"column":72}},{"start":{"line":188,"column":75},"end":{"line":188,"column":84}}],"line":188},"18":{"loc":{"start":{"line":189,"column":90},"end":{"line":189,"column":125}},"type":"cond-expr","locations":[{"start":{"line":189,"column":104},"end":{"line":189,"column":113}},{"start":{"line":189,"column":116},"end":{"line":189,"column":125}}],"line":189},"19":{"loc":{"start":{"line":243,"column":18},"end":{"line":243,"column":47}},"type":"cond-expr","locations":[{"start":{"line":243,"column":41},"end":{"line":243,"column":42}},{"start":{"line":243,"column":45},"end":{"line":243,"column":47}}],"line":243},"20":{"loc":{"start":{"line":256,"column":18},"end":{"line":256,"column":47}},"type":"cond-expr","locations":[{"start":{"line":256,"column":41},"end":{"line":256,"column":42}},{"start":{"line":256,"column":45},"end":{"line":256,"column":47}}],"line":256}},"s":{"0":1,"1":0,"2":0,"3":0,"4":0,"5":0,"6":0,"7":0,"8":0,"9":0,"10":0,"11":0,"12":0,"13":2,"14":2,"15":2,"16":2,"17":2,"18":1,"19":1,"20":1,"21":1,"22":1,"23":0,"24":0,"25":0,"26":0,"27":0,"28":0,"29":0,"30":0,"31":1,"32":0,"33":1,"34":1,"35":0,"36":1,"37":1,"38":2,"39":2,"40":2,"41":0,"42":0,"43":0,"44":0,"45":0,"46":0,"47":0,"48":0,"49":0,"50":2,"51":0,"52":0,"53":0,"54":0,"55":0,"56":0,"57":0,"58":0,"59":0,"60":0,"61":1},"f":{"0":0,"1":2,"2":1,"3":1,"4":0,"5":0,"6":0,"7":0,"8":0,"9":0,"10":0,"11":0,"12":0,"13":0,"14":0,"15":0,"16":0},"b":{"0":[0,0],"1":[0,0],"2":[0,0],"3":[1,0],"4":[0,0],"5":[0,0],"6":[0,1],"7":[1,0],"8":[0,1],"9":[1,0],"10":[2,0],"11":[0,0],"12":[0,0],"13":[0,0],"14":[0,0],"15":[0,0],"16":[0,0],"17":[0,0],"18":[0,0],"19":[1,0],"20":[1,0]},"_coverageSchema":"1a1c01bbd47fc00a2c39e90264f33305004495a9","hash":"52bc328be75a338ea7a608abc2557b1e9ffe4788"}
,"/Users/ssantoyo/Downloads/SpectrumCare_Fixed/components/PrepCarousel.tsx": {"path":"/Users/ssantoyo/Downloads/SpectrumCare_Fixed/components/PrepCarousel.tsx","statementMap":{"0":{"start":{"line":19,"column":26},"end":{"line":19,"column":50}},"1":{"start":{"line":22,"column":20},"end":{"line":22,"column":30}},"2":{"start":{"line":23,"column":23},"end":{"line":23,"column":35}},"3":{"start":{"line":29,"column":25},"end":{"line":51,"column":1}},"4":{"start":{"line":30,"column":28},"end":{"line":30,"column":39}},"5":{"start":{"line":31,"column":2},"end":{"line":37,"column":12}},"6":{"start":{"line":32,"column":4},"end":{"line":36,"column":4}},"7":{"start":{"line":33,"column":6},"end":{"line":35,"column":9}},"8":{"start":{"line":34,"column":9},"end":{"line":34,"column":34}},"9":{"start":{"line":39,"column":2},"end":{"line":50,"column":3}},"10":{"start":{"line":56,"column":32},"end":{"line":56,"column":47}},"11":{"start":{"line":57,"column":42},"end":{"line":57,"column":53}},"12":{"start":{"line":59,"column":16},"end":{"line":59,"column":18}},"13":{"start":{"line":60,"column":2},"end":{"line":109,"column":3}},"14":{"start":{"line":61,"column":16},"end":{"line":61,"column":20}},"15":{"start":{"line":62,"column":15},"end":{"line":62,"column":19}},"16":{"start":{"line":63,"column":24},"end":{"line":63,"column":28}},"17":{"start":{"line":67,"column":4},"end":{"line":108,"column":5}},"18":{"start":{"line":68,"column":6},"end":{"line":81,"column":7}},"19":{"start":{"line":69,"column":8},"end":{"line":80,"column":9}},"20":{"start":{"line":70,"column":10},"end":{"line":76,"column":13}},"21":{"start":{"line":78,"column":15},"end":{"line":80,"column":9}},"22":{"start":{"line":79,"column":10},"end":{"line":79,"column":62}},"23":{"start":{"line":83,"column":6},"end":{"line":88,"column":7}},"24":{"start":{"line":84,"column":8},"end":{"line":87,"column":15}},"25":{"start":{"line":90,"column":6},"end":{"line":96,"column":7}},"26":{"start":{"line":91,"column":8},"end":{"line":95,"column":15}},"27":{"start":{"line":98,"column":6},"end":{"line":107,"column":14}},"28":{"start":{"line":111,"column":2},"end":{"line":147,"column":4}},"29":{"start":{"line":123,"column":29},"end":{"line":123,"column":46}},"30":{"start":{"line":124,"column":36},"end":{"line":124,"column":75}},"31":{"start":{"line":126,"column":12},"end":{"line":126,"column":35}},"32":{"start":{"line":135,"column":14},"end":{"line":141,"column":16}},"33":{"start":{"line":150,"column":15},"end":{"line":242,"column":2}}},"fnMap":{"0":{"name":"(anonymous_0)","decl":{"start":{"line":29,"column":25},"end":{"line":29,"column":26}},"loc":{"start":{"line":29,"column":59},"end":{"line":51,"column":1}},"line":29},"1":{"name":"(anonymous_1)","decl":{"start":{"line":31,"column":12},"end":{"line":31,"column":13}},"loc":{"start":{"line":31,"column":18},"end":{"line":37,"column":3}},"line":31},"2":{"name":"(anonymous_2)","decl":{"start":{"line":33,"column":25},"end":{"line":33,"column":26}},"loc":{"start":{"line":33,"column":44},"end":{"line":35,"column":7}},"line":33},"3":{"name":"PrepCarousel","decl":{"start":{"line":53,"column":24},"end":{"line":53,"column":36}},"loc":{"start":{"line":55,"column":35},"end":{"line":148,"column":1}},"line":55},"4":{"name":"(anonymous_4)","decl":{"start":{"line":123,"column":23},"end":{"line":123,"column":24}},"loc":{"start":{"line":123,"column":29},"end":{"line":123,"column":46}},"line":123},"5":{"name":"(anonymous_5)","decl":{"start":{"line":124,"column":22},"end":{"line":124,"column":23}},"loc":{"start":{"line":124,"column":36},"end":{"line":124,"column":75}},"line":124},"6":{"name":"(anonymous_6)","decl":{"start":{"line":125,"column":24},"end":{"line":125,"column":25}},"loc":{"start":{"line":125,"column":35},"end":{"line":127,"column":11}},"line":125},"7":{"name":"(anonymous_7)","decl":{"start":{"line":134,"column":37},"end":{"line":134,"column":38}},"loc":{"start":{"line":135,"column":14},"end":{"line":141,"column":16}},"line":135}},"branchMap":{"0":{"loc":{"start":{"line":32,"column":4},"end":{"line":36,"column":4}},"type":"if","locations":[{"start":{"line":32,"column":4},"end":{"line":36,"column":4}},{"start":{},"end":{}}],"line":32},"1":{"loc":{"start":{"line":67,"column":4},"end":{"line":108,"column":5}},"type":"if","locations":[{"start":{"line":67,"column":4},"end":{"line":108,"column":5}},{"start":{},"end":{}}],"line":67},"2":{"loc":{"start":{"line":68,"column":6},"end":{"line":81,"column":7}},"type":"if","locations":[{"start":{"line":68,"column":6},"end":{"line":81,"column":7}},{"start":{},"end":{}}],"line":68},"3":{"loc":{"start":{"line":69,"column":8},"end":{"line":80,"column":9}},"type":"if","locations":[{"start":{"line":69,"column":8},"end":{"line":80,"column":9}},{"start":{"line":78,"column":15},"end":{"line":80,"column":9}}],"line":69},"4":{"loc":{"start":{"line":78,"column":15},"end":{"line":80,"column":9}},"type":"if","locations":[{"start":{"line":78,"column":15},"end":{"line":80,"column":9}},{"start":{},"end":{}}],"line":78},"5":{"loc":{"start":{"line":83,"column":6},"end":{"line":88,"column":7}},"type":"if","locations":[{"start":{"line":83,"column":6},"end":{"line":88,"column":7}},{"start":{},"end":{}}],"line":83},"6":{"loc":{"start":{"line":90,"column":6},"end":{"line":96,"column":7}},"type":"if","locations":[{"start":{"line":90,"column":6},"end":{"line":96,"column":7}},{"start":{},"end":{}}],"line":90},"7":{"loc":{"start":{"line":132,"column":10},"end":{"line":143,"column":17}},"type":"binary-expr","locations":[{"start":{"line":132,"column":10},"end":{"line":132,"column":40}},{"start":{"line":133,"column":10},"end":{"line":143,"column":17}}],"line":132},"8":{"loc":{"start":{"line":139,"column":18},"end":{"line":139,"column":77}},"type":"cond-expr","locations":[{"start":{"line":139,"column":43},"end":{"line":139,"column":65}},{"start":{"line":139,"column":68},"end":{"line":139,"column":77}}],"line":139}},"s":{"0":1,"1":1,"2":1,"3":1,"4":0,"5":0,"6":0,"7":0,"8":0,"9":0,"10":0,"11":0,"12":0,"13":0,"14":0,"15":0,"16":0,"17":0,"18":0,"19":0,"20":0,"21":0,"22":0,"23":0,"24":0,"25":0,"26":0,"27":0,"28":0,"29":0,"30":0,"31":0,"32":0,"33":1},"f":{"0":0,"1":0,"2":0,"3":0,"4":0,"5":0,"6":0,"7":0},"b":{"0":[0,0],"1":[0,0],"2":[0,0],"3":[0,0],"4":[0,0],"5":[0,0],"6":[0,0],"7":[0,0],"8":[0,0]},"_coverageSchema":"1a1c01bbd47fc00a2c39e90264f33305004495a9","hash":"d47be5a3adb3d060c84dc42cc62521a74d0fb9cb"}
,"/Users/ssantoyo/Downloads/SpectrumCare_Fixed/components/ProcedureList.tsx": {"path":"/Users/ssantoyo/Downloads/SpectrumCare_Fixed/components/ProcedureList.tsx","statementMap":{"0":{"start":{"line":16,"column":26},"end":{"line":16,"column":72}},"1":{"start":{"line":16,"column":52},"end":{"line":16,"column":62}},"2":{"start":{"line":19,"column":17},"end":{"line":22,"column":5}},"3":{"start":{"line":19,"column":47},"end":{"line":22,"column":3}},"4":{"start":{"line":21,"column":37},"end":{"line":21,"column":88}},"5":{"start":{"line":21,"column":72},"end":{"line":21,"column":88}},"6":{"start":{"line":24,"column":2},"end":{"line":35,"column":4}},"7":{"start":{"line":28,"column":30},"end":{"line":28,"column":76}},"8":{"start":{"line":30,"column":8},"end":{"line":32,"column":15}},"9":{"start":{"line":41,"column":21},"end":{"line":41,"column":36}},"10":{"start":{"line":43,"column":2},"end":{"line":70,"column":4}},"11":{"start":{"line":49,"column":10},"end":{"line":55,"column":13}},"12":{"start":{"line":73,"column":15},"end":{"line":124,"column":2}}},"fnMap":{"0":{"name":"ProcedureList","decl":{"start":{"line":15,"column":9},"end":{"line":15,"column":22}},"loc":{"start":{"line":15,"column":51},"end":{"line":36,"column":1}},"line":15},"1":{"name":"(anonymous_1)","decl":{"start":{"line":16,"column":47},"end":{"line":16,"column":48}},"loc":{"start":{"line":16,"column":52},"end":{"line":16,"column":62}},"line":16},"2":{"name":"(anonymous_2)","decl":{"start":{"line":19,"column":32},"end":{"line":19,"column":33}},"loc":{"start":{"line":19,"column":47},"end":{"line":22,"column":3}},"line":19},"3":{"name":"(anonymous_3)","decl":{"start":{"line":21,"column":22},"end":{"line":21,"column":23}},"loc":{"start":{"line":21,"column":35},"end":{"line":21,"column":89}},"line":21},"4":{"name":"(anonymous_4)","decl":{"start":{"line":28,"column":18},"end":{"line":28,"column":19}},"loc":{"start":{"line":28,"column":30},"end":{"line":28,"column":76}},"line":28},"5":{"name":"(anonymous_5)","decl":{"start":{"line":29,"column":27},"end":{"line":29,"column":28}},"loc":{"start":{"line":30,"column":8},"end":{"line":32,"column":15}},"line":30},"6":{"name":"Route","decl":{"start":{"line":40,"column":9},"end":{"line":40,"column":14}},"loc":{"start":{"line":40,"column":45},"end":{"line":71,"column":1}},"line":40},"7":{"name":"(anonymous_7)","decl":{"start":{"line":48,"column":17},"end":{"line":48,"column":18}},"loc":{"start":{"line":48,"column":23},"end":{"line":56,"column":9}},"line":48}},"branchMap":{"0":{"loc":{"start":{"line":21,"column":37},"end":{"line":21,"column":88}},"type":"if","locations":[{"start":{"line":21,"column":37},"end":{"line":21,"column":88}},{"start":{},"end":{}}],"line":21}},"s":{"0":0,"1":0,"2":0,"3":0,"4":0,"5":0,"6":0,"7":0,"8":0,"9":0,"10":0,"11":0,"12":1},"f":{"0":0,"1":0,"2":0,"3":0,"4":0,"5":0,"6":0,"7":0},"b":{"0":[0,0]},"_coverageSchema":"1a1c01bbd47fc00a2c39e90264f33305004495a9","hash":"650d8596da7c67125af9ca6a217688d2050228c7"}
,"/Users/ssantoyo/Downloads/SpectrumCare_Fixed/components/WFCarousel.tsx": {"path":"/Users/ssantoyo/Downloads/SpectrumCare_Fixed/components/WFCarousel.tsx","statementMap":{"0":{"start":{"line":17,"column":26},"end":{"line":17,"column":50}},"1":{"start":{"line":20,"column":20},"end":{"line":20,"column":25}},"2":{"start":{"line":21,"column":23},"end":{"line":21,"column":35}},"3":{"start":{"line":25,"column":16},"end":{"line":25,"column":18}},"4":{"start":{"line":26,"column":2},"end":{"line":42,"column":3}},"5":{"start":{"line":27,"column":4},"end":{"line":41,"column":6}},"6":{"start":{"line":44,"column":27},"end":{"line":44,"column":44}},"7":{"start":{"line":45,"column":42},"end":{"line":45,"column":53}},"8":{"start":{"line":47,"column":23},"end":{"line":49,"column":3}},"9":{"start":{"line":48,"column":4},"end":{"line":48,"column":58}},"10":{"start":{"line":48,"column":37},"end":{"line":48,"column":56}},"11":{"start":{"line":50,"column":26},"end":{"line":54,"column":3}},"12":{"start":{"line":51,"column":4},"end":{"line":51,"column":31}},"13":{"start":{"line":52,"column":4},"end":{"line":52,"column":25}},"14":{"start":{"line":53,"column":4},"end":{"line":53,"column":104}},"15":{"start":{"line":56,"column":26},"end":{"line":60,"column":3}},"16":{"start":{"line":57,"column":4},"end":{"line":57,"column":31}},"17":{"start":{"line":58,"column":4},"end":{"line":58,"column":25}},"18":{"start":{"line":59,"column":4},"end":{"line":59,"column":66}},"19":{"start":{"line":62,"column":2},"end":{"line":65,"column":29}},"20":{"start":{"line":63,"column":4},"end":{"line":63,"column":64}},"21":{"start":{"line":64,"column":4},"end":{"line":64,"column":42}},"22":{"start":{"line":67,"column":2},"end":{"line":122,"column":4}},"23":{"start":{"line":81,"column":36},"end":{"line":81,"column":87}},"24":{"start":{"line":83,"column":12},"end":{"line":83,"column":35}},"25":{"start":{"line":88,"column":23},"end":{"line":88,"column":40}},"26":{"start":{"line":99,"column":23},"end":{"line":99,"column":40}},"27":{"start":{"line":111,"column":12},"end":{"line":117,"column":14}},"28":{"start":{"line":125,"column":15},"end":{"line":226,"column":2}}},"fnMap":{"0":{"name":"WFCarousel","decl":{"start":{"line":23,"column":24},"end":{"line":23,"column":34}},"loc":{"start":{"line":23,"column":108},"end":{"line":123,"column":1}},"line":23},"1":{"name":"(anonymous_1)","decl":{"start":{"line":47,"column":23},"end":{"line":47,"column":24}},"loc":{"start":{"line":47,"column":29},"end":{"line":49,"column":3}},"line":47},"2":{"name":"(anonymous_2)","decl":{"start":{"line":48,"column":23},"end":{"line":48,"column":24}},"loc":{"start":{"line":48,"column":37},"end":{"line":48,"column":56}},"line":48},"3":{"name":"(anonymous_3)","decl":{"start":{"line":50,"column":26},"end":{"line":50,"column":27}},"loc":{"start":{"line":50,"column":36},"end":{"line":54,"column":3}},"line":50},"4":{"name":"(anonymous_4)","decl":{"start":{"line":56,"column":26},"end":{"line":56,"column":27}},"loc":{"start":{"line":56,"column":37},"end":{"line":60,"column":3}},"line":56},"5":{"name":"(anonymous_5)","decl":{"start":{"line":62,"column":12},"end":{"line":62,"column":13}},"loc":{"start":{"line":62,"column":18},"end":{"line":65,"column":3}},"line":62},"6":{"name":"(anonymous_6)","decl":{"start":{"line":81,"column":22},"end":{"line":81,"column":23}},"loc":{"start":{"line":81,"column":36},"end":{"line":81,"column":87}},"line":81},"7":{"name":"(anonymous_7)","decl":{"start":{"line":82,"column":24},"end":{"line":82,"column":25}},"loc":{"start":{"line":82,"column":35},"end":{"line":84,"column":11}},"line":82},"8":{"name":"(anonymous_8)","decl":{"start":{"line":88,"column":17},"end":{"line":88,"column":18}},"loc":{"start":{"line":88,"column":23},"end":{"line":88,"column":40}},"line":88},"9":{"name":"(anonymous_9)","decl":{"start":{"line":99,"column":17},"end":{"line":99,"column":18}},"loc":{"start":{"line":99,"column":23},"end":{"line":99,"column":40}},"line":99},"10":{"name":"(anonymous_10)","decl":{"start":{"line":110,"column":25},"end":{"line":110,"column":26}},"loc":{"start":{"line":111,"column":12},"end":{"line":117,"column":14}},"line":111}},"branchMap":{"0":{"loc":{"start":{"line":53,"column":20},"end":{"line":53,"column":102}},"type":"cond-expr","locations":[{"start":{"line":53,"column":63},"end":{"line":53,"column":83}},{"start":{"line":53,"column":86},"end":{"line":53,"column":102}}],"line":53},"1":{"loc":{"start":{"line":59,"column":20},"end":{"line":59,"column":64}},"type":"cond-expr","locations":[{"start":{"line":59,"column":44},"end":{"line":59,"column":60}},{"start":{"line":59,"column":63},"end":{"line":59,"column":64}}],"line":59},"2":{"loc":{"start":{"line":92,"column":10},"end":{"line":92,"column":69}},"type":"cond-expr","locations":[{"start":{"line":92,"column":31},"end":{"line":92,"column":57}},{"start":{"line":92,"column":60},"end":{"line":92,"column":69}}],"line":92},"3":{"loc":{"start":{"line":103,"column":10},"end":{"line":103,"column":88}},"type":"cond-expr","locations":[{"start":{"line":103,"column":50},"end":{"line":103,"column":76}},{"start":{"line":103,"column":79},"end":{"line":103,"column":88}}],"line":103},"4":{"loc":{"start":{"line":115,"column":16},"end":{"line":115,"column":75}},"type":"cond-expr","locations":[{"start":{"line":115,"column":41},"end":{"line":115,"column":63}},{"start":{"line":115,"column":66},"end":{"line":115,"column":75}}],"line":115}},"s":{"0":2,"1":2,"2":2,"3":1,"4":1,"5":1,"6":1,"7":1,"8":1,"9":0,"10":0,"11":1,"12":0,"13":0,"14":0,"15":1,"16":0,"17":0,"18":0,"19":1,"20":1,"21":1,"22":1,"23":1,"24":0,"25":0,"26":0,"27":1,"28":2},"f":{"0":1,"1":0,"2":0,"3":0,"4":0,"5":1,"6":1,"7":0,"8":0,"9":0,"10":1},"b":{"0":[0,0],"1":[0,0],"2":[1,0],"3":[1,0],"4":[1,0]},"_coverageSchema":"1a1c01bbd47fc00a2c39e90264f33305004495a9","hash":"8703349a86f6f1eba8ec0c38cbc7531b50eb72c2"}
,"/Users/ssantoyo/Downloads/SpectrumCare_Fixed/components/YoutubePlayer.tsx": {"path":"/Users/ssantoyo/Downloads/SpectrumCare_Fixed/components/YoutubePlayer.tsx","statementMap":{"0":{"start":{"line":20,"column":25},"end":{"line":30,"column":8}},"1":{"start":{"line":21,"column":4},"end":{"line":23,"column":5}},"2":{"start":{"line":22,"column":6},"end":{"line":22,"column":24}},"3":{"start":{"line":24,"column":4},"end":{"line":26,"column":5}},"4":{"start":{"line":25,"column":6},"end":{"line":25,"column":23}},"5":{"start":{"line":27,"column":4},"end":{"line":29,"column":5}},"6":{"start":{"line":28,"column":6},"end":{"line":28,"column":24}},"7":{"start":{"line":33,"column":21},"end":{"line":33,"column":36}},"8":{"start":{"line":34,"column":2},"end":{"line":36,"column":5}},"9":{"start":{"line":35,"column":4},"end":{"line":35,"column":22}},"10":{"start":{"line":39,"column":2},"end":{"line":41,"column":5}},"11":{"start":{"line":40,"column":4},"end":{"line":40,"column":22}},"12":{"start":{"line":43,"column":2},"end":{"line":54,"column":4}}},"fnMap":{"0":{"name":"YoutubePlayer","decl":{"start":{"line":13,"column":24},"end":{"line":13,"column":37}},"loc":{"start":{"line":19,"column":23},"end":{"line":55,"column":1}},"line":19},"1":{"name":"(anonymous_1)","decl":{"start":{"line":20,"column":37},"end":{"line":20,"column":38}},"loc":{"start":{"line":20,"column":56},"end":{"line":30,"column":3}},"line":20},"2":{"name":"(anonymous_2)","decl":{"start":{"line":34,"column":34},"end":{"line":34,"column":35}},"loc":{"start":{"line":34,"column":40},"end":{"line":36,"column":3}},"line":34},"3":{"name":"(anonymous_3)","decl":{"start":{"line":39,"column":47},"end":{"line":39,"column":48}},"loc":{"start":{"line":39,"column":53},"end":{"line":41,"column":3}},"line":39}},"branchMap":{"0":{"loc":{"start":{"line":21,"column":4},"end":{"line":23,"column":5}},"type":"if","locations":[{"start":{"line":21,"column":4},"end":{"line":23,"column":5}},{"start":{},"end":{}}],"line":21},"1":{"loc":{"start":{"line":24,"column":4},"end":{"line":26,"column":5}},"type":"if","locations":[{"start":{"line":24,"column":4},"end":{"line":26,"column":5}},{"start":{},"end":{}}],"line":24},"2":{"loc":{"start":{"line":27,"column":4},"end":{"line":29,"column":5}},"type":"if","locations":[{"start":{"line":27,"column":4},"end":{"line":29,"column":5}},{"start":{},"end":{}}],"line":27}},"s":{"0":0,"1":0,"2":0,"3":0,"4":0,"5":0,"6":0,"7":0,"8":0,"9":0,"10":0,"11":0,"12":0},"f":{"0":0,"1":0,"2":0,"3":0},"b":{"0":[0,0],"1":[0,0],"2":[0,0]},"_coverageSchema":"1a1c01bbd47fc00a2c39e90264f33305004495a9","hash":"f32ed26d7aad7cda4ae9631f6e337926575a5143"}
,"/Users/ssantoyo/Downloads/SpectrumCare_Fixed/components/storageConst.tsx": {"path":"/Users/ssantoyo/Downloads/SpectrumCare_Fixed/components/storageConst.tsx","statementMap":{"0":{"start":{"line":3,"column":23},"end":{"line":3,"column":33}}},"fnMap":{},"branchMap":{},"s":{"0":1},"f":{},"b":{},"_coverageSchema":"1a1c01bbd47fc00a2c39e90264f33305004495a9","hash":"783860684d46fa54a9ed691bd7239dff67a1cf5e"}
,"/Users/ssantoyo/Downloads/SpectrumCare_Fixed/pages/PrepPage.tsx": {"path":"/Users/ssantoyo/Downloads/SpectrumCare_Fixed/pages/PrepPage.tsx","statementMap":{"0":{"start":{"line":14,"column":35},"end":{"line":14,"column":64}},"1":{"start":{"line":16,"column":38},"end":{"line":16,"column":67}},"2":{"start":{"line":20,"column":2},"end":{"line":36,"column":8}},"3":{"start":{"line":23,"column":39},"end":{"line":23,"column":94}},"4":{"start":{"line":24,"column":50},"end":{"line":24,"column":52}},"5":{"start":{"line":26,"column":6},"end":{"line":26,"column":95}},"6":{"start":{"line":26,"column":46},"end":{"line":26,"column":94}},"7":{"start":{"line":28,"column":60},"end":{"line":28,"column":91}},"8":{"start":{"line":30,"column":6},"end":{"line":30,"column":49}},"9":{"start":{"line":34,"column":4},"end":{"line":34,"column":24}},"10":{"start":{"line":40,"column":2},"end":{"line":42,"column":16}},"11":{"start":{"line":41,"column":4},"end":{"line":41,"column":27}},"12":{"start":{"line":47,"column":38},"end":{"line":47,"column":50}},"13":{"start":{"line":49,"column":18},"end":{"line":58,"column":3}},"14":{"start":{"line":61,"column":15},"end":{"line":61,"column":42}},"15":{"start":{"line":63,"column":23},"end":{"line":73,"column":3}},"16":{"start":{"line":64,"column":4},"end":{"line":71,"column":5}},"17":{"start":{"line":66,"column":6},"end":{"line":66,"column":30}},"18":{"start":{"line":68,"column":22},"end":{"line":68,"column":39}},"19":{"start":{"line":69,"column":27},"end":{"line":69,"column":61}},"20":{"start":{"line":69,"column":49},"end":{"line":69,"column":60}},"21":{"start":{"line":70,"column":6},"end":{"line":70,"column":34}},"22":{"start":{"line":72,"column":4},"end":{"line":72,"column":24}},"23":{"start":{"line":75,"column":2},"end":{"line":92,"column":4}},"24":{"start":{"line":83,"column":10},"end":{"line":83,"column":34}},"25":{"start":{"line":84,"column":10},"end":{"line":84,"column":28}},"26":{"start":{"line":95,"column":15},"end":{"line":112,"column":2}}},"fnMap":{"0":{"name":"PrepPage","decl":{"start":{"line":11,"column":9},"end":{"line":11,"column":17}},"loc":{"start":{"line":11,"column":33},"end":{"line":93,"column":1}},"line":11},"1":{"name":"(anonymous_1)","decl":{"start":{"line":20,"column":13},"end":{"line":20,"column":14}},"loc":{"start":{"line":20,"column":18},"end":{"line":36,"column":3}},"line":20},"2":{"name":"getProceduresList","decl":{"start":{"line":22,"column":19},"end":{"line":22,"column":36}},"loc":{"start":{"line":22,"column":38},"end":{"line":32,"column":5}},"line":22},"3":{"name":"(anonymous_3)","decl":{"start":{"line":26,"column":39},"end":{"line":26,"column":40}},"loc":{"start":{"line":26,"column":46},"end":{"line":26,"column":94}},"line":26},"4":{"name":"(anonymous_4)","decl":{"start":{"line":40,"column":13},"end":{"line":40,"column":14}},"loc":{"start":{"line":40,"column":17},"end":{"line":42,"column":3}},"line":40},"5":{"name":"(anonymous_5)","decl":{"start":{"line":63,"column":23},"end":{"line":63,"column":24}},"loc":{"start":{"line":63,"column":41},"end":{"line":73,"column":3}},"line":63},"6":{"name":"(anonymous_6)","decl":{"start":{"line":69,"column":39},"end":{"line":69,"column":40}},"loc":{"start":{"line":69,"column":49},"end":{"line":69,"column":60}},"line":69},"7":{"name":"(anonymous_7)","decl":{"start":{"line":81,"column":22},"end":{"line":81,"column":23}},"loc":{"start":{"line":81,"column":28},"end":{"line":85,"column":9}},"line":81}},"branchMap":{"0":{"loc":{"start":{"line":64,"column":4},"end":{"line":71,"column":5}},"type":"if","locations":[{"start":{"line":64,"column":4},"end":{"line":71,"column":5}},{"start":{"line":67,"column":11},"end":{"line":71,"column":5}}],"line":64}},"s":{"0":0,"1":0,"2":0,"3":0,"4":0,"5":0,"6":0,"7":0,"8":0,"9":0,"10":0,"11":0,"12":0,"13":0,"14":0,"15":0,"16":0,"17":0,"18":0,"19":0,"20":0,"21":0,"22":0,"23":0,"24":0,"25":0,"26":1},"f":{"0":0,"1":0,"2":0,"3":0,"4":0,"5":0,"6":0,"7":0},"b":{"0":[0,0]},"_coverageSchema":"1a1c01bbd47fc00a2c39e90264f33305004495a9","hash":"1fc131052f832ac28631a612b193a39c6abd56a6"}
,"/Users/ssantoyo/Downloads/SpectrumCare_Fixed/pages/PrepRoutePage.tsx": {"path":"/Users/ssantoyo/Downloads/SpectrumCare_Fixed/pages/PrepRoutePage.tsx","statementMap":{"0":{"start":{"line":18,"column":32},"end":{"line":18,"column":44}},"1":{"start":{"line":23,"column":36},"end":{"line":27,"column":15}},"2":{"start":{"line":30,"column":2},"end":{"line":67,"column":8}},"3":{"start":{"line":33,"column":28},"end":{"line":33,"column":92}},"4":{"start":{"line":34,"column":42},"end":{"line":34,"column":78}},"5":{"start":{"line":35,"column":48},"end":{"line":35,"column":50}},"6":{"start":{"line":37,"column":6},"end":{"line":56,"column":7}},"7":{"start":{"line":38,"column":8},"end":{"line":55,"column":9}},"8":{"start":{"line":39,"column":10},"end":{"line":52,"column":11}},"9":{"start":{"line":40,"column":34},"end":{"line":40,"column":90}},"10":{"start":{"line":41,"column":12},"end":{"line":49,"column":14}},"11":{"start":{"line":51,"column":12},"end":{"line":51,"column":47}},"12":{"start":{"line":54,"column":10},"end":{"line":54,"column":45}},"13":{"start":{"line":58,"column":6},"end":{"line":62,"column":9}},"14":{"start":{"line":65,"column":4},"end":{"line":65,"column":23}},"15":{"start":{"line":69,"column":2},"end":{"line":81,"column":4}},"16":{"start":{"line":84,"column":15},"end":{"line":102,"column":2}}},"fnMap":{"0":{"name":"PrepRoutePage","decl":{"start":{"line":17,"column":9},"end":{"line":17,"column":22}},"loc":{"start":{"line":17,"column":64},"end":{"line":82,"column":1}},"line":17},"1":{"name":"(anonymous_1)","decl":{"start":{"line":30,"column":13},"end":{"line":30,"column":14}},"loc":{"start":{"line":30,"column":18},"end":{"line":67,"column":3}},"line":30},"2":{"name":"getProcedureData","decl":{"start":{"line":32,"column":19},"end":{"line":32,"column":35}},"loc":{"start":{"line":32,"column":37},"end":{"line":63,"column":5}},"line":32}},"branchMap":{"0":{"loc":{"start":{"line":38,"column":8},"end":{"line":55,"column":9}},"type":"if","locations":[{"start":{"line":38,"column":8},"end":{"line":55,"column":9}},{"start":{"line":53,"column":15},"end":{"line":55,"column":9}}],"line":38},"1":{"loc":{"start":{"line":39,"column":10},"end":{"line":52,"column":11}},"type":"if","locations":[{"start":{"line":39,"column":10},"end":{"line":52,"column":11}},{"start":{"line":50,"column":17},"end":{"line":52,"column":11}}],"line":39}},"s":{"0":0,"1":0,"2":0,"3":0,"4":0,"5":0,"6":0,"7":0,"8":0,"9":0,"10":0,"11":0,"12":0,"13":0,"14":0,"15":0,"16":1},"f":{"0":0,"1":0,"2":0},"b":{"0":[0,0],"1":[0,0]},"_coverageSchema":"1a1c01bbd47fc00a2c39e90264f33305004495a9","hash":"69924c00a7fbafa8eef5610963cbcd44fb52187c"}
,"/Users/ssantoyo/Downloads/SpectrumCare_Fixed/pages/WFRoutePage.tsx": {"path":"/Users/ssantoyo/Downloads/SpectrumCare_Fixed/pages/WFRoutePage.tsx","statementMap":{"0":{"start":{"line":16,"column":34},"end":{"line":16,"column":46}},"1":{"start":{"line":18,"column":42},"end":{"line":18,"column":57}},"2":{"start":{"line":19,"column":40},"end":{"line":19,"column":51}},"3":{"start":{"line":22,"column":22},"end":{"line":22,"column":44}},"4":{"start":{"line":23,"column":23},"end":{"line":23,"column":43}},"5":{"start":{"line":24,"column":28},"end":{"line":24,"column":53}},"6":{"start":{"line":26,"column":2},"end":{"line":82,"column":4}},"7":{"start":{"line":33,"column":27},"end":{"line":33,"column":48}},"8":{"start":{"line":48,"column":14},"end":{"line":48,"column":52}},"9":{"start":{"line":49,"column":14},"end":{"line":49,"column":45}},"10":{"start":{"line":56,"column":20},"end":{"line":67,"column":39}},"11":{"start":{"line":59,"column":41},"end":{"line":59,"column":62}},"12":{"start":{"line":73,"column":33},"end":{"line":73,"column":63}},"13":{"start":{"line":85,"column":15},"end":{"line":172,"column":2}}},"fnMap":{"0":{"name":"WFRoutePage","decl":{"start":{"line":14,"column":9},"end":{"line":14,"column":20}},"loc":{"start":{"line":14,"column":64},"end":{"line":83,"column":1}},"line":14},"1":{"name":"(anonymous_1)","decl":{"start":{"line":33,"column":21},"end":{"line":33,"column":22}},"loc":{"start":{"line":33,"column":27},"end":{"line":33,"column":48}},"line":33},"2":{"name":"(anonymous_2)","decl":{"start":{"line":47,"column":28},"end":{"line":47,"column":29}},"loc":{"start":{"line":47,"column":34},"end":{"line":50,"column":13}},"line":47},"3":{"name":"(anonymous_3)","decl":{"start":{"line":55,"column":33},"end":{"line":55,"column":34}},"loc":{"start":{"line":56,"column":20},"end":{"line":67,"column":39}},"line":56},"4":{"name":"(anonymous_4)","decl":{"start":{"line":59,"column":35},"end":{"line":59,"column":36}},"loc":{"start":{"line":59,"column":41},"end":{"line":59,"column":62}},"line":59},"5":{"name":"(anonymous_5)","decl":{"start":{"line":73,"column":27},"end":{"line":73,"column":28}},"loc":{"start":{"line":73,"column":33},"end":{"line":73,"column":63}},"line":73}},"branchMap":{"0":{"loc":{"start":{"line":61,"column":37},"end":{"line":61,"column":82}},"type":"cond-expr","locations":[{"start":{"line":61,"column":61},"end":{"line":61,"column":70}},{"start":{"line":61,"column":73},"end":{"line":61,"column":82}}],"line":61}},"s":{"0":0,"1":0,"2":0,"3":0,"4":0,"5":0,"6":0,"7":0,"8":0,"9":0,"10":0,"11":0,"12":0,"13":1},"f":{"0":0,"1":0,"2":0,"3":0,"4":0,"5":0},"b":{"0":[0,0]},"_coverageSchema":"1a1c01bbd47fc00a2c39e90264f33305004495a9","hash":"77a4ba0359944193c953a1c9b4a4bd34bc66abf1"}
,"/Users/ssantoyo/Downloads/SpectrumCare_Fixed/pages/WayfindingPage.tsx": {"path":"/Users/ssantoyo/Downloads/SpectrumCare_Fixed/pages/WayfindingPage.tsx","statementMap":{"0":{"start":{"line":13,"column":21},"end":{"line":13,"column":36}},"1":{"start":{"line":15,"column":2},"end":{"line":40,"column":3}},"2":{"start":{"line":21,"column":10},"end":{"line":27,"column":12}},"3":{"start":{"line":46,"column":15},"end":{"line":63,"column":3}},"4":{"start":{"line":65,"column":2},"end":{"line":78,"column":4}},"5":{"start":{"line":71,"column":10},"end":{"line":71,"column":56}},"6":{"start":{"line":73,"column":30},"end":{"line":73,"column":37}},"7":{"start":{"line":81,"column":15},"end":{"line":129,"column":2}}},"fnMap":{"0":{"name":"Route","decl":{"start":{"line":11,"column":9},"end":{"line":11,"column":14}},"loc":{"start":{"line":11,"column":47},"end":{"line":41,"column":1}},"line":11},"1":{"name":"(anonymous_1)","decl":{"start":{"line":20,"column":17},"end":{"line":20,"column":18}},"loc":{"start":{"line":20,"column":23},"end":{"line":29,"column":9}},"line":20},"2":{"name":"WayfindingPage","decl":{"start":{"line":43,"column":9},"end":{"line":43,"column":23}},"loc":{"start":{"line":43,"column":39},"end":{"line":79,"column":1}},"line":43},"3":{"name":"(anonymous_3)","decl":{"start":{"line":70,"column":20},"end":{"line":70,"column":21}},"loc":{"start":{"line":71,"column":10},"end":{"line":71,"column":56}},"line":71},"4":{"name":"(anonymous_4)","decl":{"start":{"line":73,"column":22},"end":{"line":73,"column":23}},"loc":{"start":{"line":73,"column":30},"end":{"line":73,"column":37}},"line":73}},"branchMap":{},"s":{"0":4,"1":4,"2":0,"3":1,"4":1,"5":4,"6":4,"7":1},"f":{"0":4,"1":0,"2":1,"3":4,"4":4},"b":{},"_coverageSchema":"1a1c01bbd47fc00a2c39e90264f33305004495a9","hash":"d89bfb25be57b91a23d322e3f4e00c2e190fb209"}
}
