TN:
SF:App.tsx
FN:19,ProcedureNavigation
FN:51,Wayfinding
FN:73,App
FNF:3
FNH:1
FNDA:0,ProcedureNavigation
FNDA:0,Wayfinding
FNDA:1,App
DA:16,1
DA:17,1
DA:20,0
DA:49,1
DA:52,0
DA:74,1
LF:6
LH:4
BRF:0
BRH:0
end_of_record
TN:
SF:assets/images/extraIcons/notesIconPhotoshoped.png
FNF:0
FNH:0
DA:1,1
LF:1
LH:1
BRF:0
BRH:0
end_of_record
TN:
SF:assets/images/wfImages/01-parking-clinic/1.png
FNF:0
FNH:0
DA:1,1
LF:1
LH:1
BRF:0
BRH:0
end_of_record
TN:
SF:assets/images/wfImages/01-parking-clinic/10.png
FNF:0
FNH:0
DA:1,1
LF:1
LH:1
BRF:0
BRH:0
end_of_record
TN:
SF:assets/images/wfImages/01-parking-clinic/11.png
FNF:0
FNH:0
DA:1,1
LF:1
LH:1
BRF:0
BRH:0
end_of_record
TN:
SF:assets/images/wfImages/01-parking-clinic/12.png
FNF:0
FNH:0
DA:1,1
LF:1
LH:1
BRF:0
BRH:0
end_of_record
TN:
SF:assets/images/wfImages/01-parking-clinic/13.png
FNF:0
FNH:0
DA:1,1
LF:1
LH:1
BRF:0
BRH:0
end_of_record
TN:
SF:assets/images/wfImages/01-parking-clinic/14.png
FNF:0
FNH:0
DA:1,1
LF:1
LH:1
BRF:0
BRH:0
end_of_record
TN:
SF:assets/images/wfImages/01-parking-clinic/15.png
FNF:0
FNH:0
DA:1,1
LF:1
LH:1
BRF:0
BRH:0
end_of_record
TN:
SF:assets/images/wfImages/01-parking-clinic/16.png
FNF:0
FNH:0
DA:1,1
LF:1
LH:1
BRF:0
BRH:0
end_of_record
TN:
SF:assets/images/wfImages/01-parking-clinic/17.png
FNF:0
FNH:0
DA:1,1
LF:1
LH:1
BRF:0
BRH:0
end_of_record
TN:
SF:assets/images/wfImages/01-parking-clinic/18.png
FNF:0
FNH:0
DA:1,1
LF:1
LH:1
BRF:0
BRH:0
end_of_record
TN:
SF:assets/images/wfImages/01-parking-clinic/2.png
FNF:0
FNH:0
DA:1,1
LF:1
LH:1
BRF:0
BRH:0
end_of_record
TN:
SF:assets/images/wfImages/01-parking-clinic/3.png
FNF:0
FNH:0
DA:1,1
LF:1
LH:1
BRF:0
BRH:0
end_of_record
TN:
SF:assets/images/wfImages/01-parking-clinic/4.png
FNF:0
FNH:0
DA:1,1
LF:1
LH:1
BRF:0
BRH:0
end_of_record
TN:
SF:assets/images/wfImages/01-parking-clinic/5.png
FNF:0
FNH:0
DA:1,1
LF:1
LH:1
BRF:0
BRH:0
end_of_record
TN:
SF:assets/images/wfImages/01-parking-clinic/6.png
FNF:0
FNH:0
DA:1,1
LF:1
LH:1
BRF:0
BRH:0
end_of_record
TN:
SF:assets/images/wfImages/01-parking-clinic/7.png
FNF:0
FNH:0
DA:1,1
LF:1
LH:1
BRF:0
BRH:0
end_of_record
TN:
SF:assets/images/wfImages/01-parking-clinic/8.png
FNF:0
FNH:0
DA:1,1
LF:1
LH:1
BRF:0
BRH:0
end_of_record
TN:
SF:assets/images/wfImages/01-parking-clinic/9.png
FNF:0
FNH:0
DA:1,1
LF:1
LH:1
BRF:0
BRH:0
end_of_record
TN:
SF:assets/images/wfImages/02-parking-labs/1.png
FNF:0
FNH:0
DA:1,1
LF:1
LH:1
BRF:0
BRH:0
end_of_record
TN:
SF:assets/images/wfImages/02-parking-labs/10.png
FNF:0
FNH:0
DA:1,1
LF:1
LH:1
BRF:0
BRH:0
end_of_record
TN:
SF:assets/images/wfImages/02-parking-labs/11.png
FNF:0
FNH:0
DA:1,1
LF:1
LH:1
BRF:0
BRH:0
end_of_record
TN:
SF:assets/images/wfImages/02-parking-labs/12.png
FNF:0
FNH:0
DA:1,1
LF:1
LH:1
BRF:0
BRH:0
end_of_record
TN:
SF:assets/images/wfImages/02-parking-labs/13.png
FNF:0
FNH:0
DA:1,1
LF:1
LH:1
BRF:0
BRH:0
end_of_record
TN:
SF:assets/images/wfImages/02-parking-labs/14.png
FNF:0
FNH:0
DA:1,1
LF:1
LH:1
BRF:0
BRH:0
end_of_record
TN:
SF:assets/images/wfImages/02-parking-labs/15.png
FNF:0
FNH:0
DA:1,1
LF:1
LH:1
BRF:0
BRH:0
end_of_record
TN:
SF:assets/images/wfImages/02-parking-labs/2.png
FNF:0
FNH:0
DA:1,1
LF:1
LH:1
BRF:0
BRH:0
end_of_record
TN:
SF:assets/images/wfImages/02-parking-labs/3.png
FNF:0
FNH:0
DA:1,1
LF:1
LH:1
BRF:0
BRH:0
end_of_record
TN:
SF:assets/images/wfImages/02-parking-labs/4.png
FNF:0
FNH:0
DA:1,1
LF:1
LH:1
BRF:0
BRH:0
end_of_record
TN:
SF:assets/images/wfImages/02-parking-labs/5.png
FNF:0
FNH:0
DA:1,1
LF:1
LH:1
BRF:0
BRH:0
end_of_record
TN:
SF:assets/images/wfImages/02-parking-labs/6.png
FNF:0
FNH:0
DA:1,1
LF:1
LH:1
BRF:0
BRH:0
end_of_record
TN:
SF:assets/images/wfImages/02-parking-labs/7.png
FNF:0
FNH:0
DA:1,1
LF:1
LH:1
BRF:0
BRH:0
end_of_record
TN:
SF:assets/images/wfImages/02-parking-labs/8.png
FNF:0
FNH:0
DA:1,1
LF:1
LH:1
BRF:0
BRH:0
end_of_record
TN:
SF:assets/images/wfImages/02-parking-labs/9.png
FNF:0
FNH:0
DA:1,1
LF:1
LH:1
BRF:0
BRH:0
end_of_record
TN:
SF:assets/images/wfImages/03-hosp-enter-radiology/1.png
FNF:0
FNH:0
DA:1,2
LF:1
LH:1
BRF:0
BRH:0
end_of_record
TN:
SF:assets/images/wfImages/03-hosp-enter-radiology/10.png
FNF:0
FNH:0
DA:1,1
LF:1
LH:1
BRF:0
BRH:0
end_of_record
TN:
SF:assets/images/wfImages/03-hosp-enter-radiology/11.png
FNF:0
FNH:0
DA:1,1
LF:1
LH:1
BRF:0
BRH:0
end_of_record
TN:
SF:assets/images/wfImages/03-hosp-enter-radiology/12.png
FNF:0
FNH:0
DA:1,1
LF:1
LH:1
BRF:0
BRH:0
end_of_record
TN:
SF:assets/images/wfImages/03-hosp-enter-radiology/2.png
FNF:0
FNH:0
DA:1,1
LF:1
LH:1
BRF:0
BRH:0
end_of_record
TN:
SF:assets/images/wfImages/03-hosp-enter-radiology/3.png
FNF:0
FNH:0
DA:1,1
LF:1
LH:1
BRF:0
BRH:0
end_of_record
TN:
SF:assets/images/wfImages/03-hosp-enter-radiology/4.png
FNF:0
FNH:0
DA:1,1
LF:1
LH:1
BRF:0
BRH:0
end_of_record
TN:
SF:assets/images/wfImages/03-hosp-enter-radiology/5.png
FNF:0
FNH:0
DA:1,1
LF:1
LH:1
BRF:0
BRH:0
end_of_record
TN:
SF:assets/images/wfImages/03-hosp-enter-radiology/6.png
FNF:0
FNH:0
DA:1,1
LF:1
LH:1
BRF:0
BRH:0
end_of_record
TN:
SF:assets/images/wfImages/03-hosp-enter-radiology/7.png
FNF:0
FNH:0
DA:1,1
LF:1
LH:1
BRF:0
BRH:0
end_of_record
TN:
SF:assets/images/wfImages/03-hosp-enter-radiology/8.png
FNF:0
FNH:0
DA:1,1
LF:1
LH:1
BRF:0
BRH:0
end_of_record
TN:
SF:assets/images/wfImages/03-hosp-enter-radiology/9.png
FNF:0
FNH:0
DA:1,1
LF:1
LH:1
BRF:0
BRH:0
end_of_record
TN:
SF:assets/images/wfImages/04-hosp-enter-OR-checkin/1.png
FNF:0
FNH:0
DA:1,1
LF:1
LH:1
BRF:0
BRH:0
end_of_record
TN:
SF:assets/images/wfImages/04-hosp-enter-OR-checkin/10.png
FNF:0
FNH:0
DA:1,1
LF:1
LH:1
BRF:0
BRH:0
end_of_record
TN:
SF:assets/images/wfImages/04-hosp-enter-OR-checkin/11.png
FNF:0
FNH:0
DA:1,1
LF:1
LH:1
BRF:0
BRH:0
end_of_record
TN:
SF:assets/images/wfImages/04-hosp-enter-OR-checkin/12.png
FNF:0
FNH:0
DA:1,1
LF:1
LH:1
BRF:0
BRH:0
end_of_record
TN:
SF:assets/images/wfImages/04-hosp-enter-OR-checkin/13.png
FNF:0
FNH:0
DA:1,1
LF:1
LH:1
BRF:0
BRH:0
end_of_record
TN:
SF:assets/images/wfImages/04-hosp-enter-OR-checkin/14.png
FNF:0
FNH:0
DA:1,1
LF:1
LH:1
BRF:0
BRH:0
end_of_record
TN:
SF:assets/images/wfImages/04-hosp-enter-OR-checkin/15.png
FNF:0
FNH:0
DA:1,1
LF:1
LH:1
BRF:0
BRH:0
end_of_record
TN:
SF:assets/images/wfImages/04-hosp-enter-OR-checkin/16.png
FNF:0
FNH:0
DA:1,1
LF:1
LH:1
BRF:0
BRH:0
end_of_record
TN:
SF:assets/images/wfImages/04-hosp-enter-OR-checkin/17.png
FNF:0
FNH:0
DA:1,1
LF:1
LH:1
BRF:0
BRH:0
end_of_record
TN:
SF:assets/images/wfImages/04-hosp-enter-OR-checkin/18.png
FNF:0
FNH:0
DA:1,1
LF:1
LH:1
BRF:0
BRH:0
end_of_record
TN:
SF:assets/images/wfImages/04-hosp-enter-OR-checkin/2.png
FNF:0
FNH:0
DA:1,1
LF:1
LH:1
BRF:0
BRH:0
end_of_record
TN:
SF:assets/images/wfImages/04-hosp-enter-OR-checkin/3.png
FNF:0
FNH:0
DA:1,1
LF:1
LH:1
BRF:0
BRH:0
end_of_record
TN:
SF:assets/images/wfImages/04-hosp-enter-OR-checkin/4.png
FNF:0
FNH:0
DA:1,1
LF:1
LH:1
BRF:0
BRH:0
end_of_record
TN:
SF:assets/images/wfImages/04-hosp-enter-OR-checkin/5.png
FNF:0
FNH:0
DA:1,1
LF:1
LH:1
BRF:0
BRH:0
end_of_record
TN:
SF:assets/images/wfImages/04-hosp-enter-OR-checkin/6.png
FNF:0
FNH:0
DA:1,1
LF:1
LH:1
BRF:0
BRH:0
end_of_record
TN:
SF:assets/images/wfImages/04-hosp-enter-OR-checkin/7.png
FNF:0
FNH:0
DA:1,1
LF:1
LH:1
BRF:0
BRH:0
end_of_record
TN:
SF:assets/images/wfImages/04-hosp-enter-OR-checkin/8.png
FNF:0
FNH:0
DA:1,1
LF:1
LH:1
BRF:0
BRH:0
end_of_record
TN:
SF:assets/images/wfImages/04-hosp-enter-OR-checkin/9.png
FNF:0
FNH:0
DA:1,1
LF:1
LH:1
BRF:0
BRH:0
end_of_record
TN:
SF:assets/testData/WFData.js
FNF:0
FNH:0
LF:0
LH:0
BRF:0
BRH:0
end_of_record
TN:
SF:components/BackButton.tsx
FN:7,BackButton
FN:14,(anonymous_1)
FNF:2
FNH:0
FNDA:0,BackButton
FNDA:0,(anonymous_1)
DA:8,0
DA:10,0
DA:15,0
DA:22,1
LF:4
LH:1
BRF:0
BRH:0
end_of_record
TN:
SF:components/NotesButton.tsx
FN:18,(anonymous_0)
FN:46,NotesButton
FN:53,(anonymous_2)
FN:54,(anonymous_3)
FN:103,onCollapseHandler
FN:108,onExpandHandler
FN:113,onChangePageHandler
FN:130,(anonymous_7)
FN:146,(anonymous_8)
FN:150,(anonymous_9)
FN:155,(anonymous_10)
FN:162,(anonymous_11)
FN:173,(anonymous_12)
FN:180,(anonymous_13)
FN:183,(anonymous_14)
FN:186,(anonymous_15)
FN:189,(anonymous_16)
FNF:17
FNH:3
FNDA:0,(anonymous_0)
FNDA:2,NotesButton
FNDA:1,(anonymous_2)
FNDA:1,(anonymous_3)
FNDA:0,onCollapseHandler
FNDA:0,onExpandHandler
FNDA:0,onChangePageHandler
FNDA:0,(anonymous_7)
FNDA:0,(anonymous_8)
FNDA:0,(anonymous_9)
FNDA:0,(anonymous_10)
FNDA:0,(anonymous_11)
FNDA:0,(anonymous_12)
FNDA:0,(anonymous_13)
FNDA:0,(anonymous_14)
FNDA:0,(anonymous_15)
FNDA:0,(anonymous_16)
DA:18,1
DA:19,0
DA:21,0
DA:22,0
DA:23,0
DA:24,0
DA:25,0
DA:26,0
DA:27,0
DA:28,0
DA:29,0
DA:31,0
DA:32,0
DA:48,2
DA:49,2
DA:50,2
DA:51,2
DA:53,2
DA:54,1
DA:56,1
DA:59,1
DA:60,1
DA:61,1
DA:62,0
DA:63,0
DA:64,0
DA:65,0
DA:66,0
DA:67,0
DA:69,0
DA:70,0
DA:75,1
DA:76,0
DA:79,1
DA:82,1
DA:83,0
DA:86,1
DA:94,1
DA:98,2
DA:99,2
DA:101,2
DA:104,0
DA:105,0
DA:106,0
DA:110,0
DA:114,0
DA:115,0
DA:116,0
DA:117,0
DA:118,0
DA:122,2
DA:130,0
DA:146,0
DA:150,0
DA:155,0
DA:162,0
DA:173,0
DA:180,0
DA:183,0
DA:186,0
DA:189,0
DA:200,1
LF:62
LH:21
BRDA:21,0,0,0
BRDA:21,0,1,0
BRDA:24,1,0,0
BRDA:24,1,1,0
BRDA:27,2,0,0
BRDA:27,2,1,0
BRDA:59,3,0,1
BRDA:59,3,1,0
BRDA:62,4,0,0
BRDA:62,4,1,0
BRDA:65,5,0,0
BRDA:65,5,1,0
BRDA:75,6,0,0
BRDA:75,6,1,1
BRDA:75,7,0,1
BRDA:75,7,1,0
BRDA:82,8,0,0
BRDA:82,8,1,1
BRDA:82,9,0,1
BRDA:82,9,1,0
BRDA:124,10,0,2
BRDA:124,10,1,0
BRDA:179,11,0,0
BRDA:179,11,1,0
BRDA:180,12,0,0
BRDA:180,12,1,0
BRDA:182,13,0,0
BRDA:182,13,1,0
BRDA:183,14,0,0
BRDA:183,14,1,0
BRDA:185,15,0,0
BRDA:185,15,1,0
BRDA:186,16,0,0
BRDA:186,16,1,0
BRDA:188,17,0,0
BRDA:188,17,1,0
BRDA:189,18,0,0
BRDA:189,18,1,0
BRDA:243,19,0,1
BRDA:243,19,1,0
BRDA:256,20,0,1
BRDA:256,20,1,0
BRF:42
BRH:8
end_of_record
TN:
SF:components/PrepCarousel.tsx
FN:29,(anonymous_0)
FN:31,(anonymous_1)
FN:33,(anonymous_2)
FN:53,PrepCarousel
FN:123,(anonymous_4)
FN:124,(anonymous_5)
FN:125,(anonymous_6)
FN:134,(anonymous_7)
FNF:8
FNH:0
FNDA:0,(anonymous_0)
FNDA:0,(anonymous_1)
FNDA:0,(anonymous_2)
FNDA:0,PrepCarousel
FNDA:0,(anonymous_4)
FNDA:0,(anonymous_5)
FNDA:0,(anonymous_6)
FNDA:0,(anonymous_7)
DA:19,1
DA:22,1
DA:23,1
DA:29,1
DA:30,0
DA:31,0
DA:32,0
DA:33,0
DA:34,0
DA:39,0
DA:56,0
DA:57,0
DA:59,0
DA:60,0
DA:61,0
DA:62,0
DA:63,0
DA:67,0
DA:68,0
DA:69,0
DA:70,0
DA:78,0
DA:79,0
DA:83,0
DA:84,0
DA:90,0
DA:91,0
DA:98,0
DA:111,0
DA:123,0
DA:124,0
DA:126,0
DA:135,0
DA:150,1
LF:34
LH:5
BRDA:32,0,0,0
BRDA:32,0,1,0
BRDA:67,1,0,0
BRDA:67,1,1,0
BRDA:68,2,0,0
BRDA:68,2,1,0
BRDA:69,3,0,0
BRDA:69,3,1,0
BRDA:78,4,0,0
BRDA:78,4,1,0
BRDA:83,5,0,0
BRDA:83,5,1,0
BRDA:90,6,0,0
BRDA:90,6,1,0
BRDA:132,7,0,0
BRDA:132,7,1,0
BRDA:139,8,0,0
BRDA:139,8,1,0
BRF:18
BRH:0
end_of_record
TN:
SF:components/ProcedureList.tsx
FN:15,ProcedureList
FN:16,(anonymous_1)
FN:19,(anonymous_2)
FN:21,(anonymous_3)
FN:28,(anonymous_4)
FN:29,(anonymous_5)
FN:40,Route
FN:48,(anonymous_7)
FNF:8
FNH:0
FNDA:0,ProcedureList
FNDA:0,(anonymous_1)
FNDA:0,(anonymous_2)
FNDA:0,(anonymous_3)
FNDA:0,(anonymous_4)
FNDA:0,(anonymous_5)
FNDA:0,Route
FNDA:0,(anonymous_7)
DA:16,0
DA:19,0
DA:21,0
DA:24,0
DA:28,0
DA:30,0
DA:41,0
DA:43,0
DA:49,0
DA:73,1
LF:10
LH:1
BRDA:21,0,0,0
BRDA:21,0,1,0
BRF:2
BRH:0
end_of_record
TN:
SF:components/WFCarousel.tsx
FN:23,WFCarousel
FN:47,(anonymous_1)
FN:48,(anonymous_2)
FN:50,(anonymous_3)
FN:56,(anonymous_4)
FN:62,(anonymous_5)
FN:81,(anonymous_6)
FN:82,(anonymous_7)
FN:88,(anonymous_8)
FN:99,(anonymous_9)
FN:110,(anonymous_10)
FNF:11
FNH:4
FNDA:1,WFCarousel
FNDA:0,(anonymous_1)
FNDA:0,(anonymous_2)
FNDA:0,(anonymous_3)
FNDA:0,(anonymous_4)
FNDA:1,(anonymous_5)
FNDA:1,(anonymous_6)
FNDA:0,(anonymous_7)
FNDA:0,(anonymous_8)
FNDA:0,(anonymous_9)
FNDA:1,(anonymous_10)
DA:17,2
DA:20,2
DA:21,2
DA:25,1
DA:26,1
DA:27,1
DA:44,1
DA:45,1
DA:47,1
DA:48,0
DA:50,1
DA:51,0
DA:52,0
DA:53,0
DA:56,1
DA:57,0
DA:58,0
DA:59,0
DA:62,1
DA:63,1
DA:64,1
DA:67,1
DA:81,1
DA:83,0
DA:88,0
DA:99,0
DA:111,1
DA:125,2
LF:28
LH:18
BRDA:53,0,0,0
BRDA:53,0,1,0
BRDA:59,1,0,0
BRDA:59,1,1,0
BRDA:92,2,0,1
BRDA:92,2,1,0
BRDA:103,3,0,1
BRDA:103,3,1,0
BRDA:115,4,0,1
BRDA:115,4,1,0
BRF:10
BRH:3
end_of_record
TN:
SF:components/YoutubePlayer.tsx
FN:13,YoutubePlayer
FN:20,(anonymous_1)
FN:34,(anonymous_2)
FN:39,(anonymous_3)
FNF:4
FNH:0
FNDA:0,YoutubePlayer
FNDA:0,(anonymous_1)
FNDA:0,(anonymous_2)
FNDA:0,(anonymous_3)
DA:20,0
DA:21,0
DA:22,0
DA:24,0
DA:25,0
DA:27,0
DA:28,0
DA:33,0
DA:34,0
DA:35,0
DA:39,0
DA:40,0
DA:43,0
LF:13
LH:0
BRDA:21,0,0,0
BRDA:21,0,1,0
BRDA:24,1,0,0
BRDA:24,1,1,0
BRDA:27,2,0,0
BRDA:27,2,1,0
BRF:6
BRH:0
end_of_record
TN:
SF:components/storageConst.tsx
FNF:0
FNH:0
DA:3,1
LF:1
LH:1
BRF:0
BRH:0
end_of_record
TN:
SF:pages/PrepPage.tsx
FN:11,PrepPage
FN:20,(anonymous_1)
FN:22,getProceduresList
FN:26,(anonymous_3)
FN:40,(anonymous_4)
FN:63,(anonymous_5)
FN:69,(anonymous_6)
FN:81,(anonymous_7)
FNF:8
FNH:0
FNDA:0,PrepPage
FNDA:0,(anonymous_1)
FNDA:0,getProceduresList
FNDA:0,(anonymous_3)
FNDA:0,(anonymous_4)
FNDA:0,(anonymous_5)
FNDA:0,(anonymous_6)
FNDA:0,(anonymous_7)
DA:14,0
DA:16,0
DA:20,0
DA:23,0
DA:24,0
DA:26,0
DA:28,0
DA:30,0
DA:34,0
DA:40,0
DA:41,0
DA:47,0
DA:49,0
DA:61,0
DA:63,0
DA:64,0
DA:66,0
DA:68,0
DA:69,0
DA:70,0
DA:72,0
DA:75,0
DA:83,0
DA:84,0
DA:95,1
LF:25
LH:1
BRDA:64,0,0,0
BRDA:64,0,1,0
BRF:2
BRH:0
end_of_record
TN:
SF:pages/PrepRoutePage.tsx
FN:17,PrepRoutePage
FN:30,(anonymous_1)
FN:32,getProcedureData
FNF:3
FNH:0
FNDA:0,PrepRoutePage
FNDA:0,(anonymous_1)
FNDA:0,getProcedureData
DA:18,0
DA:23,0
DA:30,0
DA:33,0
DA:34,0
DA:35,0
DA:37,0
DA:38,0
DA:39,0
DA:40,0
DA:41,0
DA:51,0
DA:54,0
DA:58,0
DA:65,0
DA:69,0
DA:84,1
LF:17
LH:1
BRDA:38,0,0,0
BRDA:38,0,1,0
BRDA:39,1,0,0
BRDA:39,1,1,0
BRF:4
BRH:0
end_of_record
TN:
SF:pages/WFRoutePage.tsx
FN:14,WFRoutePage
FN:33,(anonymous_1)
FN:47,(anonymous_2)
FN:55,(anonymous_3)
FN:59,(anonymous_4)
FN:73,(anonymous_5)
FNF:6
FNH:0
FNDA:0,WFRoutePage
FNDA:0,(anonymous_1)
FNDA:0,(anonymous_2)
FNDA:0,(anonymous_3)
FNDA:0,(anonymous_4)
FNDA:0,(anonymous_5)
DA:16,0
DA:18,0
DA:19,0
DA:22,0
DA:23,0
DA:24,0
DA:26,0
DA:33,0
DA:48,0
DA:49,0
DA:56,0
DA:59,0
DA:73,0
DA:85,1
LF:14
LH:1
BRDA:61,0,0,0
BRDA:61,0,1,0
BRF:2
BRH:0
end_of_record
TN:
SF:pages/WayfindingPage.tsx
FN:11,Route
FN:20,(anonymous_1)
FN:43,WayfindingPage
FN:70,(anonymous_3)
FN:73,(anonymous_4)
FNF:5
FNH:4
FNDA:4,Route
FNDA:0,(anonymous_1)
FNDA:1,WayfindingPage
FNDA:4,(anonymous_3)
FNDA:4,(anonymous_4)
DA:13,4
DA:15,4
DA:21,0
DA:46,1
DA:65,1
DA:71,4
DA:73,4
DA:81,1
LF:8
LH:7
BRF:0
BRH:0
end_of_record
